2025-02-20 12:42:17.405 [info] Extension host with pid 18080 started
2025-02-20 12:42:17.405 [info] Skipping acquiring lock for /home/chris/.config/VSCodium/User/workspaceStorage/5586aa8db6ce6ab944dad9aeb4d9d8de.
2025-02-20 12:42:17.500 [info] ExtensionService#_doActivateExtension vscode.emmet, startup: false, activationEvent: 'onLanguage'
2025-02-20 12:42:17.536 [info] ExtensionService#_doActivateExtension mtxr.sqltools, startup: false, activationEvent: 'onLanguage:sql'
2025-02-20 12:42:17.670 [info] ExtensionService#_doActivateExtension mtxr.sqltools-driver-pg, startup: false, activationEvent: 'onLanguage:sql'
2025-02-20 12:42:17.772 [info] ExtensionService#_doActivateExtension vscode.git-base, startup: true, activationEvent: '*', root cause: vscode.git
2025-02-20 12:42:17.797 [info] ExtensionService#_doActivateExtension vscode.git, startup: true, activationEvent: '*'
2025-02-20 12:42:17.911 [info] ExtensionService#_doActivateExtension vscode.github, startup: true, activationEvent: '*'
2025-02-20 12:42:18.009 [info] Eager extensions activated
2025-02-20 12:42:18.056 [info] ExtensionService#_doActivateExtension vscode.debug-auto-launch, startup: false, activationEvent: 'onStartupFinished'
2025-02-20 12:42:18.060 [info] ExtensionService#_doActivateExtension vscode.merge-conflict, startup: false, activationEvent: 'onStartupFinished'
2025-02-20 12:42:18.076 [info] ExtensionService#_doActivateExtension sainnhe.gruvbox-material, startup: false, activationEvent: 'onStartupFinished'
2025-02-20 12:42:18.083 [info] ExtensionService#_doActivateExtension vscodevim.vim, startup: false, activationEvent: 'onStartupFinished'
2025-02-20 13:25:50.186 [info] Extension host terminating: renderer closed the MessagePort
2025-02-20 13:25:50.198 [error] TypeError: r.some is not a function
	at h.saveToDisk (/home/chris/.vscode-oss/extensions/vscodevim.vim-1.29.0-universal/out/extension.js:2:663045)
	at t.deactivate (/home/chris/.vscode-oss/extensions/vscodevim.vim-1.29.0-universal/out/extension.js:2:177330)
	at Iz._deactivate (file:///opt/vscodium-bin/resources/app/out/vs/workbench/api/node/extensionHostProcess.js:116:14502)
	at file:///opt/vscodium-bin/resources/app/out/vs/workbench/api/node/extensionHostProcess.js:116:12013
	at Array.map (<anonymous>)
	at Iz._deactivateAll (file:///opt/vscodium-bin/resources/app/out/vs/workbench/api/node/extensionHostProcess.js:116:12001)
	at Iz.terminate (file:///opt/vscodium-bin/resources/app/out/vs/workbench/api/node/extensionHostProcess.js:116:12354)
	at _7.terminate (file:///opt/vscodium-bin/resources/app/out/vs/workbench/api/node/extensionHostProcess.js:117:1602)
	at rs (file:///opt/vscodium-bin/resources/app/out/vs/workbench/api/node/extensionHostProcess.js:190:16313)
	at MessagePortMain.<anonymous> (file:///opt/vscodium-bin/resources/app/out/vs/workbench/api/node/extensionHostProcess.js:190:12769)
	at MessagePortMain.emit (node:events:518:28)
	at MessagePortMain._internalPort.emit (node:electron/js2c/utility_init:2:2949)
2025-02-20 13:25:50.198 [info] Extension host with pid 18080 exiting with code 0
