2025-02-20 00:20:17.784 [info] Extension host with pid 204687 started
2025-02-20 00:20:17.784 [info] Skipping acquiring lock for /home/chris/.config/VSCodium/User/workspaceStorage/5586aa8db6ce6ab944dad9aeb4d9d8de.
2025-02-20 00:20:17.831 [info] ExtensionService#_doActivateExtension vscode.git-base, startup: true, activationEvent: '*', root cause: vscode.git
2025-02-20 00:20:17.842 [info] ExtensionService#_doActivateExtension vscode.git, startup: true, activationEvent: '*'
2025-02-20 00:20:17.956 [info] ExtensionService#_doActivateExtension vscode.github, startup: true, activationEvent: '*'
2025-02-20 00:20:18.034 [info] Eager extensions activated
2025-02-20 00:20:18.057 [info] ExtensionService#_doActivateExtension vscode.debug-auto-launch, startup: false, activationEvent: 'onStartupFinished'
2025-02-20 00:20:18.060 [info] ExtensionService#_doActivateExtension vscode.merge-conflict, startup: false, activationEvent: 'onStartupFinished'
2025-02-20 00:20:18.089 [info] ExtensionService#_doActivateExtension sainnhe.gruvbox-material, startup: false, activationEvent: 'onStartupFinished'
2025-02-20 00:20:18.100 [info] ExtensionService#_doActivateExtension vscodevim.vim, startup: false, activationEvent: 'onStartupFinished'
2025-02-20 00:20:31.808 [info] ExtensionService#_doActivateExtension vscode.configuration-editing, startup: false, activationEvent: 'onLanguage:jsonc'
2025-02-20 00:20:31.825 [info] ExtensionService#_doActivateExtension vscode.json-language-features, startup: false, activationEvent: 'onLanguage:jsonc'
2025-02-20 00:20:31.929 [info] ExtensionService#_doActivateExtension vscode.typescript-language-features, startup: false, activationEvent: 'onLanguage:jsonc'
2025-02-20 00:20:31.993 [info] ExtensionService#_doActivateExtension vscode.emmet, startup: false, activationEvent: 'onLanguage'
2025-02-20 00:21:02.474 [warning] TextEditor is closed/disposed
2025-02-20 00:21:02.474 [warning] TextEditor is closed/disposed
2025-02-20 00:21:02.490 [warning] ExtHostTextEditorOptions 'setCursorStyle' failed:'
2025-02-20 00:21:02.490 [warning] Illegal argument: TextEditor(vs.editor.ICodeEditor:1,$model1)
2025-02-20 00:21:04.367 [info] Extension host terminating: renderer closed the MessagePort
2025-02-20 00:21:04.385 [info] Extension host with pid 204687 exiting with code 0
