2025-02-20 02:56:06.604 [info] [main] Log level: Info
2025-02-20 02:56:06.604 [info] [main] Validating found git in: "git"
2025-02-20 02:56:06.604 [info] [main] Using git "2.48.1" from "git"
2025-02-20 02:56:06.604 [info] [Model][doInitialScan] Initial repository scan started
2025-02-20 02:56:06.604 [info] > git rev-parse --show-toplevel [7ms]
2025-02-20 02:56:06.604 [info] fatal: not a git repository (or any parent up to mount point /)
Stopping at filesystem boundary (GIT_DISCOVERY_ACROSS_FILESYSTEM not set).
2025-02-20 02:56:06.683 [info] > git rev-parse --show-toplevel [65ms]
2025-02-20 02:56:06.683 [info] fatal: not a git repository (or any parent up to mount point /)
Stopping at filesystem boundary (GIT_DISCOVERY_ACROSS_FILESYSTEM not set).
2025-02-20 02:56:06.705 [info] > git rev-parse --show-toplevel [5ms]
2025-02-20 02:56:06.705 [info] fatal: not a git repository (or any parent up to mount point /)
Stopping at filesystem boundary (GIT_DISCOVERY_ACROSS_FILESYSTEM not set).
2025-02-20 02:56:06.716 [info] > git rev-parse --show-toplevel [2ms]
2025-02-20 02:56:06.716 [info] fatal: not a git repository (or any parent up to mount point /)
Stopping at filesystem boundary (GIT_DISCOVERY_ACROSS_FILESYSTEM not set).
2025-02-20 02:56:06.724 [info] > git rev-parse --show-toplevel [2ms]
2025-02-20 02:56:06.724 [info] fatal: not a git repository (or any parent up to mount point /)
Stopping at filesystem boundary (GIT_DISCOVERY_ACROSS_FILESYSTEM not set).
2025-02-20 02:56:06.734 [info] > git rev-parse --show-toplevel [2ms]
2025-02-20 02:56:06.734 [info] fatal: not a git repository (or any parent up to mount point /)
Stopping at filesystem boundary (GIT_DISCOVERY_ACROSS_FILESYSTEM not set).
2025-02-20 02:56:06.743 [info] > git rev-parse --show-toplevel [2ms]
2025-02-20 02:56:06.743 [info] fatal: not a git repository (or any parent up to mount point /)
Stopping at filesystem boundary (GIT_DISCOVERY_ACROSS_FILESYSTEM not set).
2025-02-20 02:56:06.752 [info] > git rev-parse --show-toplevel [1ms]
2025-02-20 02:56:06.752 [info] fatal: not a git repository (or any parent up to mount point /)
Stopping at filesystem boundary (GIT_DISCOVERY_ACROSS_FILESYSTEM not set).
2025-02-20 02:56:06.761 [info] > git rev-parse --show-toplevel [2ms]
2025-02-20 02:56:06.761 [info] fatal: not a git repository (or any parent up to mount point /)
Stopping at filesystem boundary (GIT_DISCOVERY_ACROSS_FILESYSTEM not set).
2025-02-20 02:56:06.772 [info] > git rev-parse --show-toplevel [2ms]
2025-02-20 02:56:06.772 [info] fatal: not a git repository (or any parent up to mount point /)
Stopping at filesystem boundary (GIT_DISCOVERY_ACROSS_FILESYSTEM not set).
2025-02-20 02:56:06.781 [info] > git rev-parse --show-toplevel [2ms]
2025-02-20 02:56:06.781 [info] fatal: not a git repository (or any parent up to mount point /)
Stopping at filesystem boundary (GIT_DISCOVERY_ACROSS_FILESYSTEM not set).
2025-02-20 02:56:06.789 [info] > git rev-parse --show-toplevel [2ms]
2025-02-20 02:56:06.789 [info] fatal: not a git repository (or any parent up to mount point /)
Stopping at filesystem boundary (GIT_DISCOVERY_ACROSS_FILESYSTEM not set).
2025-02-20 02:56:06.798 [info] > git rev-parse --show-toplevel [2ms]
2025-02-20 02:56:06.798 [info] fatal: not a git repository (or any parent up to mount point /)
Stopping at filesystem boundary (GIT_DISCOVERY_ACROSS_FILESYSTEM not set).
2025-02-20 02:56:06.807 [info] > git rev-parse --show-toplevel [2ms]
2025-02-20 02:56:06.807 [info] fatal: not a git repository (or any parent up to mount point /)
Stopping at filesystem boundary (GIT_DISCOVERY_ACROSS_FILESYSTEM not set).
2025-02-20 02:56:06.815 [info] > git rev-parse --show-toplevel [1ms]
2025-02-20 02:56:06.816 [info] fatal: not a git repository (or any parent up to mount point /)
Stopping at filesystem boundary (GIT_DISCOVERY_ACROSS_FILESYSTEM not set).
2025-02-20 02:56:06.824 [info] > git rev-parse --show-toplevel [2ms]
2025-02-20 02:56:06.824 [info] fatal: not a git repository (or any parent up to mount point /)
Stopping at filesystem boundary (GIT_DISCOVERY_ACROSS_FILESYSTEM not set).
2025-02-20 02:56:06.833 [info] > git rev-parse --show-toplevel [3ms]
2025-02-20 02:56:06.833 [info] fatal: not a git repository (or any parent up to mount point /)
Stopping at filesystem boundary (GIT_DISCOVERY_ACROSS_FILESYSTEM not set).
2025-02-20 02:56:06.844 [info] > git rev-parse --show-toplevel [2ms]
2025-02-20 02:56:06.844 [info] fatal: not a git repository (or any parent up to mount point /)
Stopping at filesystem boundary (GIT_DISCOVERY_ACROSS_FILESYSTEM not set).
2025-02-20 02:56:06.851 [info] > git rev-parse --show-toplevel [2ms]
2025-02-20 02:56:06.851 [info] fatal: not a git repository (or any parent up to mount point /)
Stopping at filesystem boundary (GIT_DISCOVERY_ACROSS_FILESYSTEM not set).
2025-02-20 02:56:06.859 [info] > git rev-parse --show-toplevel [2ms]
2025-02-20 02:56:06.859 [info] fatal: not a git repository (or any parent up to mount point /)
Stopping at filesystem boundary (GIT_DISCOVERY_ACROSS_FILESYSTEM not set).
2025-02-20 02:56:06.868 [info] > git rev-parse --show-toplevel [1ms]
2025-02-20 02:56:06.868 [info] fatal: not a git repository (or any parent up to mount point /)
Stopping at filesystem boundary (GIT_DISCOVERY_ACROSS_FILESYSTEM not set).
2025-02-20 02:56:06.877 [info] > git rev-parse --show-toplevel [2ms]
2025-02-20 02:56:06.877 [info] fatal: not a git repository (or any parent up to mount point /)
Stopping at filesystem boundary (GIT_DISCOVERY_ACROSS_FILESYSTEM not set).
2025-02-20 02:56:06.887 [info] > git rev-parse --show-toplevel [2ms]
2025-02-20 02:56:06.887 [info] fatal: not a git repository (or any parent up to mount point /)
Stopping at filesystem boundary (GIT_DISCOVERY_ACROSS_FILESYSTEM not set).
2025-02-20 02:56:06.897 [info] > git rev-parse --show-toplevel [2ms]
2025-02-20 02:56:06.897 [info] fatal: not a git repository (or any parent up to mount point /)
Stopping at filesystem boundary (GIT_DISCOVERY_ACROSS_FILESYSTEM not set).
2025-02-20 02:56:06.908 [info] > git rev-parse --show-toplevel [2ms]
2025-02-20 02:56:06.908 [info] fatal: not a git repository (or any parent up to mount point /)
Stopping at filesystem boundary (GIT_DISCOVERY_ACROSS_FILESYSTEM not set).
2025-02-20 02:56:06.942 [info] > git rev-parse --show-toplevel [1ms]
2025-02-20 02:56:06.942 [info] fatal: not a git repository (or any parent up to mount point /)
Stopping at filesystem boundary (GIT_DISCOVERY_ACROSS_FILESYSTEM not set).
2025-02-20 02:56:06.951 [info] > git rev-parse --show-toplevel [2ms]
2025-02-20 02:56:06.951 [info] fatal: not a git repository (or any parent up to mount point /)
Stopping at filesystem boundary (GIT_DISCOVERY_ACROSS_FILESYSTEM not set).
2025-02-20 02:56:06.958 [info] > git rev-parse --show-toplevel [1ms]
2025-02-20 02:56:06.958 [info] fatal: not a git repository (or any parent up to mount point /)
Stopping at filesystem boundary (GIT_DISCOVERY_ACROSS_FILESYSTEM not set).
2025-02-20 02:56:06.966 [info] > git rev-parse --show-toplevel [1ms]
2025-02-20 02:56:06.966 [info] fatal: not a git repository (or any parent up to mount point /)
Stopping at filesystem boundary (GIT_DISCOVERY_ACROSS_FILESYSTEM not set).
2025-02-20 02:56:06.974 [info] > git rev-parse --show-toplevel [1ms]
2025-02-20 02:56:06.974 [info] fatal: not a git repository (or any parent up to mount point /)
Stopping at filesystem boundary (GIT_DISCOVERY_ACROSS_FILESYSTEM not set).
2025-02-20 02:56:06.984 [info] > git rev-parse --show-toplevel [3ms]
2025-02-20 02:56:06.984 [info] fatal: not a git repository (or any parent up to mount point /)
Stopping at filesystem boundary (GIT_DISCOVERY_ACROSS_FILESYSTEM not set).
2025-02-20 02:56:06.992 [info] > git rev-parse --show-toplevel [1ms]
2025-02-20 02:56:06.992 [info] fatal: not a git repository (or any parent up to mount point /)
Stopping at filesystem boundary (GIT_DISCOVERY_ACROSS_FILESYSTEM not set).
2025-02-20 02:56:07.000 [info] > git rev-parse --show-toplevel [1ms]
2025-02-20 02:56:07.000 [info] fatal: not a git repository (or any parent up to mount point /)
Stopping at filesystem boundary (GIT_DISCOVERY_ACROSS_FILESYSTEM not set).
2025-02-20 02:56:07.008 [info] > git rev-parse --show-toplevel [2ms]
2025-02-20 02:56:07.008 [info] fatal: not a git repository (or any parent up to mount point /)
Stopping at filesystem boundary (GIT_DISCOVERY_ACROSS_FILESYSTEM not set).
2025-02-20 02:56:07.016 [info] > git rev-parse --show-toplevel [2ms]
2025-02-20 02:56:07.016 [info] fatal: not a git repository (or any parent up to mount point /)
Stopping at filesystem boundary (GIT_DISCOVERY_ACROSS_FILESYSTEM not set).
2025-02-20 02:56:07.023 [info] > git rev-parse --show-toplevel [1ms]
2025-02-20 02:56:07.023 [info] fatal: not a git repository (or any parent up to mount point /)
Stopping at filesystem boundary (GIT_DISCOVERY_ACROSS_FILESYSTEM not set).
2025-02-20 02:56:07.032 [info] > git rev-parse --show-toplevel [2ms]
2025-02-20 02:56:07.032 [info] fatal: not a git repository (or any parent up to mount point /)
Stopping at filesystem boundary (GIT_DISCOVERY_ACROSS_FILESYSTEM not set).
2025-02-20 02:56:07.040 [info] > git rev-parse --show-toplevel [2ms]
2025-02-20 02:56:07.040 [info] fatal: not a git repository (or any parent up to mount point /)
Stopping at filesystem boundary (GIT_DISCOVERY_ACROSS_FILESYSTEM not set).
2025-02-20 02:56:07.048 [info] > git rev-parse --show-toplevel [2ms]
2025-02-20 02:56:07.048 [info] fatal: not a git repository (or any parent up to mount point /)
Stopping at filesystem boundary (GIT_DISCOVERY_ACROSS_FILESYSTEM not set).
2025-02-20 02:56:07.056 [info] > git rev-parse --show-toplevel [2ms]
2025-02-20 02:56:07.056 [info] fatal: not a git repository (or any parent up to mount point /)
Stopping at filesystem boundary (GIT_DISCOVERY_ACROSS_FILESYSTEM not set).
2025-02-20 02:56:07.056 [info] [Model][doInitialScan] Initial repository scan completed - repositories (0), closed repositories (0), parent repositories (0), unsafe repositories (0)
2025-02-20 02:56:07.065 [info] > git rev-parse --show-toplevel [2ms]
2025-02-20 02:56:07.065 [info] fatal: not a git repository (or any parent up to mount point /)
Stopping at filesystem boundary (GIT_DISCOVERY_ACROSS_FILESYSTEM not set).
2025-02-20 02:56:08.032 [info] > git rev-parse --show-toplevel [4ms]
2025-02-20 02:56:08.032 [info] fatal: not a git repository (or any parent up to mount point /)
Stopping at filesystem boundary (GIT_DISCOVERY_ACROSS_FILESYSTEM not set).
