[1739996371577] INFO  (ext): SQLTools is starting
[1739996371578] INFO  (ext): initializing language client...
[1739996371579] INFO  (ext): Registering client for languages [{"scheme":"sqltools"},{"language":"sql","scheme":"untitled"},{"language":"sql","scheme":"file"},{"language":"sql","scheme":"sqltools"}]
    ns: "lc"
[1739996371585] INFO  (ext): loading plugins...
[1739996371585] INFO  (ext): registering Formatter Plugin.
    plugin: {
      "name": "Formatter Plugin"
    }
[1739996371585] INFO  (ext): registering Connection Manager Plugin.
    plugin: {
      "name": "Connection Manager Plugin"
    }
[1739996371585] INFO  (ext): registering CodeLens Plugin.
    plugin: {
      "name": "CodeLens Plugin",
      "registeredLanguages": []
    }
[1739996371586] INFO  (ext): registering Dependency Manager Plugin.
    plugin: {
      "name": "Dependency Manager Plugin",
      "installingDrivers": []
    }
[1739996371587] INFO  (ext): Connection explorer changed. Will be updated.
    ns: "conn-man:explorer"
[1739996371588] INFO  (ext): registering History Manager Plugin.
    plugin: {
      "name": "History Manager Plugin"
    }
[1739996371588] INFO  (ext): registering Bookmarks Manager Plugin.
    plugin: {
      "name": "Bookmarks Manager Plugin"
    }
[1739996371589] INFO  (ext): registering Authentication Provider Plugin.
    plugin: {
      "name": "Authentication Provider Plugin",
      "isRegistered": false
    }
[1739996371589] INFO  (ext): registering Object Drop-in Provider (plugin).
    plugin: {
      "type": "plugin",
      "name": "Object Drop-in Provider",
      "isRegistered": false
    }
[1739996371590] INFO  (ext): SQLTools activation completed. 12.390167 ms
[1739996371590] INFO  (ext): Formatter Plugin registered!
[1739996371590] INFO  (ext): CodeLens Plugin registered!
[1739996371590] INFO  (ext): Dependency Manager Plugin registered!
[1739996371590] INFO  (ext): Connection Manager Plugin registered!
[1739996371590] INFO  (ext): History Manager Plugin registered!
[1739996371590] INFO  (ext): Bookmarks Manager Plugin registered!
[1739996371590] INFO  (ext): Authentication Provider Plugin registered!
[1739996371590] INFO  (ext): Object Drop-in Provider (plugin) registered!
[1739996371766] INFO  (ls): SQLTools Server started!
===============================
Using node runtime?: no
ExecPath: /opt/vscodium-bin/codium 
===============================
[1739996371771] INFO  (ext): LanguageClient ready
    ns: "lc"
[1739996371769] INFO  (ls): Initialized with node version:v20.18.1
[1739996372591] INFO  (ext): EXECUTING COMMAND => sqltools.refreshTree
[1739996372592] INFO  (ext): Connection explorer changed. Will be updated.
    ns: "conn-man:explorer"
[1739996373588] INFO  (ext): Connection explorer changed. Will be updated.
    ns: "conn-man:explorer"
[1739996396425] INFO  (ext): registering PostgreSQL/Cockroach Plugin (driver).
    plugin: {
      "extensionId": "mtxr.sqltools-driver-pg",
      "name": "PostgreSQL/Cockroach Plugin",
      "type": "driver"
    }
[1739996396426] INFO  (ls): REQUEST RECEIVED => ls/RegisterPlugin
[1739996396426] INFO  (ls): request to register plugin: "/home/chris/.vscode-oss/extensions/mtxr.sqltools-driver-pg-0.5.5-universal/out/ls/plugin.js"
[1739996396486] INFO  (ls): Driver postgresql registered!
    place: "driver-map"
    ns: "ls-context"
[1739996396487] INFO  (ls): Driver aws redshift registered!
    place: "driver-map"
    ns: "ls-context"
[1739996396487] INFO  (ls): Driver cockroachdb registered!
    place: "driver-map"
    ns: "ls-context"
[1739996396488] INFO  (ext): PostgreSQL/Cockroach Plugin (driver) registered!
[1739996397489] INFO  (ext): EXECUTING COMMAND => sqltools.refreshTree
[1739996397489] INFO  (ext): Connection explorer changed. Will be updated.
    ns: "conn-man:explorer"
[1739996402153] INFO  (ext): EXECUTING COMMAND => sqltools.getConnections
[1739996402154] INFO  (ls): REQUEST RECEIVED => connection/GetConnectionsRequest
[1739996451588] INFO  (ext): EXECUTING COMMAND => sqltools.openAddConnectionScreen
[1739996451980] INFO  (ext): getting extension mtxr.sqltools-driver-pg information.
    ns: "ext-util"
[1739996451981] INFO  (ext): loaded extension information mtxr.sqltools-driver-pg for driver PostgreSQL/Cockroach.
    ns: "ext-util"
[1739996642301] INFO  (ext): EXECUTING COMMAND => sqltools.addConnection
[1739996642433] INFO  (ext): Connection explorer changed. Will be updated.
    ns: "conn-man:explorer"
[1739996642681] INFO  (ext): EXECUTING COMMAND => sqltools.getConnections
[1739996642695] INFO  (ext): Connection explorer changed. Will be updated.
    ns: "conn-man:explorer"
[1739996642682] INFO  (ls): REQUEST RECEIVED => connection/GetConnectionsRequest
[1739996642762] INFO  (ext): EXECUTING COMMAND => sqltools.getConnections
[1739996642763] INFO  (ls): REQUEST RECEIVED => connection/GetConnectionsRequest
[1739996730451] INFO  (ext): EXECUTING COMMAND => sqltools.selectConnection
[1739996730451] INFO  (ext): EXECUTING COMMAND => sqltools.getConnections
[1739996730452] INFO  (ls): REQUEST RECEIVED => connection/GetConnectionsRequest
[1739996746993] INFO  (ext): EXECUTING COMMAND => sqltools.getConnections
[1739996746993] INFO  (ls): REQUEST RECEIVED => connection/GetConnectionsRequest
[1739996746995] INFO  (ls): REQUEST RECEIVED => connection/ConnectRequest
[1739996746996] INFO  (ls): Connection instance created for Test.
    ns: "conn-manager"
[1739996747022] INFO  (ext): Connection explorer changed. Will be updated.
    ns: "conn-man:explorer"
[1739996747025] INFO  (ext): EXECUTING COMMAND => sqltools.getConnections
[1739996747025] INFO  (ls): REQUEST RECEIVED => connection/GetConnectionsRequest
[1739996747051] INFO  (ext): Connection explorer changed. Will be updated.
    ns: "conn-man:explorer"
[1739996747266] INFO  (ext): EXECUTING COMMAND => sqltools.getConnections
[1739996747267] INFO  (ls): REQUEST RECEIVED => connection/GetConnectionsRequest
[1739996747288] INFO  (ext): EXECUTING COMMAND => sqltools.getConnections
[1739996747289] INFO  (ls): REQUEST RECEIVED => connection/GetConnectionsRequest
[1739996747297] INFO  (ext): EXECUTING COMMAND => sqltools.getConnections
[1739996747297] INFO  (ls): REQUEST RECEIVED => connection/GetConnectionsRequest
[1739996747303] INFO  (ext): Connection explorer changed. Will be updated.
    ns: "conn-man:explorer"
[1739996747317] INFO  (ext): EXECUTING COMMAND => sqltools.getConnections
[1739996747318] INFO  (ls): REQUEST RECEIVED => connection/GetConnectionsRequest
[1739996990890] INFO  (ext): EXECUTING COMMAND => sqltools.executeQuery
[1739996990892] INFO  (ls): REQUEST RECEIVED => connection/GetConnectionsRequest
[1739996990896] INFO  (ext): EXECUTING COMMAND => sqltools.getConnections
[1739996990896] INFO  (ls): REQUEST RECEIVED => connection/GetConnectionsRequest
[1739996990900] INFO  (ext): Connection explorer changed. Will be updated.
    ns: "conn-man:explorer"
[1739996990900] INFO  (ext): EXECUTING COMMAND => sqltools.getConnections
[1739996990901] INFO  (ls): REQUEST RECEIVED => connection/GetConnectionsRequest
[1739996990902] INFO  (ext): EXECUTING COMMAND => sqltools.getConnections
[1739996990903] INFO  (ls): REQUEST RECEIVED => connection/GetConnectionsRequest
[1739996991419] INFO  (ext): EXECUTING COMMAND => sqltools.getConnections
[1739996991420] INFO  (ls): REQUEST RECEIVED => connection/GetConnectionsRequest
[1739996991425] INFO  (ls): REQUEST RECEIVED => connection/RunCommandRequest
[1739997046042] INFO  (ext): EXECUTING COMMAND => sqltools.getConnections
[1739997046043] INFO  (ls): REQUEST RECEIVED => connection/GetConnectionsRequest
[1739997046159] INFO  (ext): EXECUTING COMMAND => sqltools.getConnections
[1739997046159] INFO  (ls): REQUEST RECEIVED => connection/GetConnectionsRequest
[1739997046170] INFO  (ext): Connection explorer changed. Will be updated.
    ns: "conn-man:explorer"
[1739997046172] INFO  (ext): EXECUTING COMMAND => sqltools.getConnections
[1739997046173] INFO  (ls): REQUEST RECEIVED => connection/GetConnectionsRequest
[1739997051665] INFO  (ext): Connection explorer changed. Will be updated.
    ns: "conn-man:explorer"
[1739997051676] INFO  (ext): EXECUTING COMMAND => sqltools.getConnections
[1739997051677] INFO  (ls): REQUEST RECEIVED => connection/GetConnectionsRequest
[1739997061071] INFO  (ext): EXECUTING COMMAND => sqltools.getChildrenForTreeItem
[1739997061072] INFO  (ls): REQUEST RECEIVED => connection/GetChildrenForTreeItemRequest
[1739997063782] INFO  (ls): REQUEST RECEIVED => connection/ReleaseResultsRequest
[1739997065313] INFO  (ext): EXECUTING COMMAND => sqltools.getChildrenForTreeItem
[1739997065314] INFO  (ls): REQUEST RECEIVED => connection/GetChildrenForTreeItemRequest
[1739997067122] INFO  (ext): EXECUTING COMMAND => sqltools.getChildrenForTreeItem
[1739997067123] INFO  (ls): REQUEST RECEIVED => connection/GetChildrenForTreeItemRequest
[1739997068466] INFO  (ext): EXECUTING COMMAND => sqltools.getChildrenForTreeItem
[1739997068467] INFO  (ls): REQUEST RECEIVED => connection/GetChildrenForTreeItemRequest
[1739997071471] INFO  (ext): EXECUTING COMMAND => sqltools.getChildrenForTreeItem
[1739997071472] INFO  (ls): REQUEST RECEIVED => connection/GetChildrenForTreeItemRequest
[1739997074186] INFO  (ext): EXECUTING COMMAND => sqltools.newSqlFile
[1739997074190] INFO  (ext): Connection explorer changed. Will be updated.
    ns: "conn-man:explorer"
[1739997074191] INFO  (ext): EXECUTING COMMAND => sqltools.getConnections
[1739997074192] INFO  (ls): REQUEST RECEIVED => connection/GetConnectionsRequest
[1739997074306] INFO  (ext): EXECUTING COMMAND => sqltools.getChildrenForTreeItem
[1739997074307] INFO  (ls): REQUEST RECEIVED => connection/GetChildrenForTreeItemRequest
[1739997074336] INFO  (ext): EXECUTING COMMAND => sqltools.getChildrenForTreeItem
[1739997074336] INFO  (ls): REQUEST RECEIVED => connection/GetChildrenForTreeItemRequest
[1739997074341] INFO  (ext): EXECUTING COMMAND => sqltools.getChildrenForTreeItem
[1739997074342] INFO  (ls): REQUEST RECEIVED => connection/GetChildrenForTreeItemRequest
[1739997074351] INFO  (ext): EXECUTING COMMAND => sqltools.getChildrenForTreeItem
[1739997074352] INFO  (ls): REQUEST RECEIVED => connection/GetChildrenForTreeItemRequest
[1739997074356] INFO  (ext): EXECUTING COMMAND => sqltools.getChildrenForTreeItem
[1739997074357] INFO  (ls): REQUEST RECEIVED => connection/GetChildrenForTreeItemRequest
[1739997103922] INFO  (ext): EXECUTING COMMAND => sqltools.executeQuery
[1739997103922] INFO  (ext): EXECUTING COMMAND => sqltools.getConnections
[1739997103923] INFO  (ls): REQUEST RECEIVED => connection/GetConnectionsRequest
[1739997103927] INFO  (ext): EXECUTING COMMAND => sqltools.getConnections
[1739997103928] INFO  (ls): REQUEST RECEIVED => connection/GetConnectionsRequest
[1739997104434] INFO  (ext): EXECUTING COMMAND => sqltools.getConnections
[1739997104435] INFO  (ls): REQUEST RECEIVED => connection/GetConnectionsRequest
[1739997104441] INFO  (ls): REQUEST RECEIVED => connection/RunCommandRequest
[1739997132809] INFO  (ls): completion requested {"line":0,"character":1}
    ns: "intellisense"
[1739997133331] INFO  (ls): completion requested {"line":0,"character":5}
    ns: "intellisense"
[1739997134024] INFO  (ls): completion requested {"line":0,"character":5}
    ns: "intellisense"
[1739997134286] INFO  (ls): completion requested {"line":0,"character":7}
    ns: "intellisense"
[1739997134308] INFO  (ls): got got %d db completions
    ns: "intellisense"
[1739997134315] INFO  (ls): got 11 table completions
    ns: "intellisense"
[1739997134942] INFO  (ls): completion requested {"line":0,"character":8}
    ns: "intellisense"
[1739997135006] INFO  (ls): completion requested {"line":0,"character":10}
    ns: "intellisense"
[1739997136621] INFO  (ls): completion requested {"line":0,"character":9}
    ns: "intellisense"
[1739997136622] INFO  (ls): got got %d db completions
    ns: "intellisense"
[1739997136625] INFO  (ls): got 11 table completions
    ns: "intellisense"
[1739997137434] INFO  (ls): completion requested {"line":0,"character":14}
    ns: "intellisense"
[1739997138585] INFO  (ls): completion requested {"line":0,"character":11}
    ns: "intellisense"
[1739997138586] INFO  (ls): got got %d db completions
    ns: "intellisense"
[1739997138589] INFO  (ls): got 0 table completions
    ns: "intellisense"
[1739997138776] INFO  (ls): completion requested {"line":0,"character":14}
    ns: "intellisense"
[1739997138777] INFO  (ls): got got %d db completions
    ns: "intellisense"
[1739997138780] INFO  (ls): got 11 table completions
    ns: "intellisense"
[1739997142378] INFO  (ls): completion requested {"line":0,"character":25}
    ns: "intellisense"
[1739997143123] INFO  (ls): completion requested {"line":0,"character":24}
    ns: "intellisense"
[1739997143124] INFO  (ls): got got %d db completions
    ns: "intellisense"
[1739997143126] INFO  (ls): got 1 table completions
    ns: "intellisense"
[1739997153330] INFO  (ext): EXECUTING COMMAND => sqltools.executeQuery
[1739997153330] INFO  (ext): EXECUTING COMMAND => sqltools.getConnections
[1739997153331] INFO  (ls): REQUEST RECEIVED => connection/GetConnectionsRequest
[1739997153335] INFO  (ext): EXECUTING COMMAND => sqltools.getConnections
[1739997153335] INFO  (ls): REQUEST RECEIVED => connection/GetConnectionsRequest
[1739997153841] INFO  (ext): EXECUTING COMMAND => sqltools.getConnections
[1739997153842] INFO  (ls): REQUEST RECEIVED => connection/GetConnectionsRequest
[1739997153848] INFO  (ls): REQUEST RECEIVED => connection/RunCommandRequest
[1739998900413] INFO  (ls): completion requested {"line":0,"character":1}
    ns: "intellisense"
[1739998901571] INFO  (ls): completion requested {"line":0,"character":7}
    ns: "intellisense"
[1739998901573] INFO  (ls): got got %d db completions
    ns: "intellisense"
[1739998901584] INFO  (ls): got 11 table completions
    ns: "intellisense"
[1739998903532] INFO  (ls): completion requested {"line":0,"character":8}
    ns: "intellisense"
[1739998903533] INFO  (ls): got got %d db completions
    ns: "intellisense"
[1739998903538] INFO  (ls): got 3 table completions
    ns: "intellisense"
[1739998904790] INFO  (ls): completion requested {"line":0,"character":12}
    ns: "intellisense"
[1739998904791] INFO  (ls): got got %d db completions
    ns: "intellisense"
[1739998904794] INFO  (ls): got 0 table completions
    ns: "intellisense"
[1739998906365] INFO  (ls): completion requested {"line":0,"character":13}
    ns: "intellisense"
[1739998906365] INFO  (ls): got got %d db completions
    ns: "intellisense"
[1739998906368] INFO  (ls): got 0 table completions
    ns: "intellisense"
[1739998909232] INFO  (ls): completion requested {"line":1,"character":1}
    ns: "intellisense"
[1739998909235] INFO  (ls): got got %d db completions
    ns: "intellisense"
[1739998909237] INFO  (ls): got 0 table completions
    ns: "intellisense"
[1739998909714] INFO  (ls): completion requested {"line":1,"character":5}
    ns: "intellisense"
[1739998909715] INFO  (ls): got got %d db completions
    ns: "intellisense"
[1739998909718] INFO  (ls): got 11 table completions
    ns: "intellisense"
[1739998911247] INFO  (ls): completion requested {"line":1,"character":6}
    ns: "intellisense"
[1739998911248] INFO  (ls): got got %d db completions
    ns: "intellisense"
[1739998911250] INFO  (ls): got 11 table completions
    ns: "intellisense"
[1739998917546] INFO  (ext): EXECUTING COMMAND => sqltools.executeQuery
[1739998917547] INFO  (ext): EXECUTING COMMAND => sqltools.getConnections
[1739998917547] INFO  (ls): REQUEST RECEIVED => connection/GetConnectionsRequest
[1739998917551] INFO  (ext): EXECUTING COMMAND => sqltools.getConnections
[1739998917552] INFO  (ls): REQUEST RECEIVED => connection/GetConnectionsRequest
[1739998918059] INFO  (ext): EXECUTING COMMAND => sqltools.getConnections
[1739998918060] INFO  (ls): REQUEST RECEIVED => connection/GetConnectionsRequest
[1739998918065] INFO  (ls): REQUEST RECEIVED => connection/RunCommandRequest
[1739998995556] INFO  (ls): completion requested {"line":0,"character":1}
    ns: "intellisense"
[1739998996558] INFO  (ls): completion requested {"line":0,"character":7}
    ns: "intellisense"
[1739998996560] INFO  (ls): got got %d db completions
    ns: "intellisense"
[1739998996570] INFO  (ls): got 11 table completions
    ns: "intellisense"
[1739998998051] INFO  (ls): completion requested {"line":0,"character":8}
    ns: "intellisense"
[1739998998052] INFO  (ls): got got %d db completions
    ns: "intellisense"
[1739998998056] INFO  (ls): got 3 table completions
    ns: "intellisense"
[1739999002910] INFO  (ls): completion requested {"line":0,"character":16}
    ns: "intellisense"
[1739999002911] INFO  (ls): got got %d db completions
    ns: "intellisense"
[1739999002914] INFO  (ls): got 11 table completions
    ns: "intellisense"
[1739999004395] INFO  (ls): completion requested {"line":0,"character":21}
    ns: "intellisense"
[1739999004396] INFO  (ls): got got %d db completions
    ns: "intellisense"
[1739999004399] INFO  (ls): got 0 table completions
    ns: "intellisense"
[1739999008256] INFO  (ls): completion requested {"line":1,"character":1}
    ns: "intellisense"
[1739999008257] INFO  (ls): got got %d db completions
    ns: "intellisense"
[1739999008259] INFO  (ls): got 0 table completions
    ns: "intellisense"
[1739999008671] INFO  (ls): completion requested {"line":1,"character":5}
    ns: "intellisense"
[1739999008672] INFO  (ls): got got %d db completions
    ns: "intellisense"
[1739999008675] INFO  (ls): got 11 table completions
    ns: "intellisense"
[1739999016203] INFO  (ext): EXECUTING COMMAND => sqltools.executeQuery
[1739999016203] INFO  (ext): EXECUTING COMMAND => sqltools.getConnections
[1739999016204] INFO  (ls): REQUEST RECEIVED => connection/GetConnectionsRequest
[1739999016208] INFO  (ext): EXECUTING COMMAND => sqltools.getConnections
[1739999016208] INFO  (ls): REQUEST RECEIVED => connection/GetConnectionsRequest
[1739999016715] INFO  (ext): EXECUTING COMMAND => sqltools.getConnections
[1739999016715] INFO  (ls): REQUEST RECEIVED => connection/GetConnectionsRequest
[1739999016721] INFO  (ls): REQUEST RECEIVED => connection/RunCommandRequest
[1739999108918] INFO  (ls): completion requested {"line":0,"character":8}
    ns: "intellisense"
[1739999108960] INFO  (ls): got 4 column completions
    ns: "intellisense"
[1739999114327] INFO  (ls): completion requested {"line":0,"character":11}
    ns: "intellisense"
[1739999114354] INFO  (ls): got 4 column completions
    ns: "intellisense"
[1739999117403] INFO  (ls): completion requested {"line":0,"character":11}
    ns: "intellisense"
[1739999117430] INFO  (ls): got 4 column completions
    ns: "intellisense"
[1739999119885] INFO  (ls): completion requested {"line":0,"character":17}
    ns: "intellisense"
[1739999119910] INFO  (ls): got 2 column completions
    ns: "intellisense"
[1739999120848] INFO  (ls): completion requested {"line":0,"character":17}
    ns: "intellisense"
[1739999120872] INFO  (ls): got 4 column completions
    ns: "intellisense"
[1739999122372] INFO  (ls): completion requested {"line":0,"character":22}
    ns: "intellisense"
[1739999122389] INFO  (ls): got 0 column completions
    ns: "intellisense"
[1739999123704] INFO  (ls): completion requested {"line":0,"character":21}
    ns: "intellisense"
[1739999123727] INFO  (ls): got 1 column completions
    ns: "intellisense"
[1739999128762] INFO  (ls): completion requested {"line":0,"character":28}
    ns: "intellisense"
[1739999128786] INFO  (ls): got 4 column completions
    ns: "intellisense"
[1739999150278] INFO  (ext): EXECUTING COMMAND => sqltools.executeQuery
[1739999150278] INFO  (ext): EXECUTING COMMAND => sqltools.getConnections
[1739999150279] INFO  (ls): REQUEST RECEIVED => connection/GetConnectionsRequest
[1739999150283] INFO  (ext): EXECUTING COMMAND => sqltools.getConnections
[1739999150284] INFO  (ls): REQUEST RECEIVED => connection/GetConnectionsRequest
[1739999150790] INFO  (ext): EXECUTING COMMAND => sqltools.getConnections
[1739999150791] INFO  (ls): REQUEST RECEIVED => connection/GetConnectionsRequest
[1739999150796] INFO  (ls): REQUEST RECEIVED => connection/RunCommandRequest
[1739999576334] INFO  (ext): EXECUTING COMMAND => sqltools.executeQuery
[1739999576334] INFO  (ext): EXECUTING COMMAND => sqltools.getConnections
[1739999576335] INFO  (ls): REQUEST RECEIVED => connection/GetConnectionsRequest
[1739999576339] INFO  (ext): EXECUTING COMMAND => sqltools.getConnections
[1739999576339] INFO  (ls): REQUEST RECEIVED => connection/GetConnectionsRequest
[1739999576845] INFO  (ext): EXECUTING COMMAND => sqltools.getConnections
[1739999576846] INFO  (ls): REQUEST RECEIVED => connection/GetConnectionsRequest
[1739999576852] INFO  (ls): REQUEST RECEIVED => connection/RunCommandRequest
[1739999668363] INFO  (ext): EXECUTING COMMAND => sqltools.executeQuery
[1739999668363] INFO  (ext): EXECUTING COMMAND => sqltools.getConnections
[1739999668364] INFO  (ls): REQUEST RECEIVED => connection/GetConnectionsRequest
[1739999668368] INFO  (ext): EXECUTING COMMAND => sqltools.getConnections
[1739999668368] INFO  (ls): REQUEST RECEIVED => connection/GetConnectionsRequest
[1739999668874] INFO  (ext): EXECUTING COMMAND => sqltools.getConnections
[1739999668875] INFO  (ls): REQUEST RECEIVED => connection/GetConnectionsRequest
[1739999668880] INFO  (ls): REQUEST RECEIVED => connection/RunCommandRequest
[1739999720355] INFO  (ls): completion requested {"line":2,"character":20}
    ns: "intellisense"
[1739999728971] INFO  (ext): EXECUTING COMMAND => sqltools.executeQuery
[1739999728971] INFO  (ext): EXECUTING COMMAND => sqltools.getConnections
[1739999728972] INFO  (ls): REQUEST RECEIVED => connection/GetConnectionsRequest
[1739999728976] INFO  (ext): EXECUTING COMMAND => sqltools.getConnections
[1739999728976] INFO  (ls): REQUEST RECEIVED => connection/GetConnectionsRequest
[1739999729480] INFO  (ext): EXECUTING COMMAND => sqltools.getConnections
[1739999729481] INFO  (ls): REQUEST RECEIVED => connection/GetConnectionsRequest
[1739999729485] INFO  (ls): REQUEST RECEIVED => connection/RunCommandRequest
[1739999825668] INFO  (ext): EXECUTING COMMAND => sqltools.executeQuery
[1739999825668] INFO  (ext): EXECUTING COMMAND => sqltools.getConnections
[1739999825669] INFO  (ls): REQUEST RECEIVED => connection/GetConnectionsRequest
[1739999825673] INFO  (ext): EXECUTING COMMAND => sqltools.getConnections
[1739999825673] INFO  (ls): REQUEST RECEIVED => connection/GetConnectionsRequest
[1739999826180] INFO  (ext): EXECUTING COMMAND => sqltools.getConnections
[1739999826181] INFO  (ls): REQUEST RECEIVED => connection/GetConnectionsRequest
[1739999826186] INFO  (ls): REQUEST RECEIVED => connection/RunCommandRequest
[1739999888427] INFO  (ext): EXECUTING COMMAND => sqltools.executeQuery
[1739999888428] INFO  (ext): EXECUTING COMMAND => sqltools.getConnections
[1739999888428] INFO  (ls): REQUEST RECEIVED => connection/GetConnectionsRequest
[1739999888432] INFO  (ext): EXECUTING COMMAND => sqltools.getConnections
[1739999888432] INFO  (ls): REQUEST RECEIVED => connection/GetConnectionsRequest
[1739999888938] INFO  (ext): EXECUTING COMMAND => sqltools.getConnections
[1739999888939] INFO  (ls): REQUEST RECEIVED => connection/GetConnectionsRequest
[1739999888945] INFO  (ls): REQUEST RECEIVED => connection/RunCommandRequest
[1739999923822] INFO  (ext): EXECUTING COMMAND => sqltools.executeQuery
[1739999923822] INFO  (ext): EXECUTING COMMAND => sqltools.getConnections
[1739999923823] INFO  (ls): REQUEST RECEIVED => connection/GetConnectionsRequest
[1739999923827] INFO  (ext): EXECUTING COMMAND => sqltools.getConnections
[1739999923827] INFO  (ls): REQUEST RECEIVED => connection/GetConnectionsRequest
[1739999924333] INFO  (ext): EXECUTING COMMAND => sqltools.getConnections
[1739999924334] INFO  (ls): REQUEST RECEIVED => connection/GetConnectionsRequest
[1739999924339] INFO  (ls): REQUEST RECEIVED => connection/RunCommandRequest
[1739999959420] INFO  (ext): EXECUTING COMMAND => sqltools.executeQuery
[1739999959420] INFO  (ext): EXECUTING COMMAND => sqltools.getConnections
[1739999959421] INFO  (ls): REQUEST RECEIVED => connection/GetConnectionsRequest
[1739999959425] INFO  (ext): EXECUTING COMMAND => sqltools.getConnections
[1739999959426] INFO  (ls): REQUEST RECEIVED => connection/GetConnectionsRequest
[1739999959931] INFO  (ext): EXECUTING COMMAND => sqltools.getConnections
[1739999959932] INFO  (ls): REQUEST RECEIVED => connection/GetConnectionsRequest
[1739999959936] INFO  (ls): REQUEST RECEIVED => connection/RunCommandRequest
[1739999996140] INFO  (ext): EXECUTING COMMAND => sqltools.executeQuery
[1739999996140] INFO  (ext): EXECUTING COMMAND => sqltools.getConnections
[1739999996140] INFO  (ls): REQUEST RECEIVED => connection/GetConnectionsRequest
[1739999996144] INFO  (ext): EXECUTING COMMAND => sqltools.getConnections
[1739999996145] INFO  (ls): REQUEST RECEIVED => connection/GetConnectionsRequest
[1739999996650] INFO  (ext): EXECUTING COMMAND => sqltools.getConnections
[1739999996650] INFO  (ls): REQUEST RECEIVED => connection/GetConnectionsRequest
[1739999996656] INFO  (ls): REQUEST RECEIVED => connection/RunCommandRequest
[1740000030714] INFO  (ext): EXECUTING COMMAND => sqltools.executeQuery
[1740000030714] INFO  (ext): EXECUTING COMMAND => sqltools.getConnections
[1740000030715] INFO  (ls): REQUEST RECEIVED => connection/GetConnectionsRequest
[1740000030719] INFO  (ext): EXECUTING COMMAND => sqltools.getConnections
[1740000030719] INFO  (ls): REQUEST RECEIVED => connection/GetConnectionsRequest
[1740000031224] INFO  (ext): EXECUTING COMMAND => sqltools.getConnections
[1740000031225] INFO  (ls): REQUEST RECEIVED => connection/GetConnectionsRequest
[1740000031230] INFO  (ls): REQUEST RECEIVED => connection/RunCommandRequest
[1740000103904] INFO  (ext): EXECUTING COMMAND => sqltools.executeQuery
[1740000103904] INFO  (ext): EXECUTING COMMAND => sqltools.getConnections
[1740000103905] INFO  (ls): REQUEST RECEIVED => connection/GetConnectionsRequest
[1740000103909] INFO  (ext): EXECUTING COMMAND => sqltools.getConnections
[1740000103910] INFO  (ls): REQUEST RECEIVED => connection/GetConnectionsRequest
[1740000104416] INFO  (ext): EXECUTING COMMAND => sqltools.getConnections
[1740000104417] INFO  (ls): REQUEST RECEIVED => connection/GetConnectionsRequest
[1740000104421] INFO  (ls): REQUEST RECEIVED => connection/RunCommandRequest
[1740000151797] INFO  (ls): completion requested {"line":0,"character":1}
    ns: "intellisense"
[1740000151945] INFO  (ls): completion requested {"line":0,"character":4}
    ns: "intellisense"
[1740000152060] INFO  (ls): completion requested {"line":0,"character":6}
    ns: "intellisense"
[1740000152148] INFO  (ls): completion requested {"line":0,"character":9}
    ns: "intellisense"
[1740000228263] INFO  (ext): EXECUTING COMMAND => sqltools.executeQuery
[1740000228263] INFO  (ext): EXECUTING COMMAND => sqltools.getConnections
[1740000228264] INFO  (ls): REQUEST RECEIVED => connection/GetConnectionsRequest
[1740000228268] INFO  (ext): EXECUTING COMMAND => sqltools.getConnections
[1740000228268] INFO  (ls): REQUEST RECEIVED => connection/GetConnectionsRequest
[1740000228773] INFO  (ext): EXECUTING COMMAND => sqltools.getConnections
[1740000228774] INFO  (ls): REQUEST RECEIVED => connection/GetConnectionsRequest
[1740000228778] INFO  (ls): REQUEST RECEIVED => connection/RunCommandRequest
[1740000238561] INFO  (ls): completion requested {"line":0,"character":18}
    ns: "intellisense"
[1740000249515] INFO  (ext): EXECUTING COMMAND => sqltools.executeQuery
[1740000249516] INFO  (ls): REQUEST RECEIVED => connection/GetConnectionsRequest
[1740000249520] INFO  (ext): EXECUTING COMMAND => sqltools.getConnections
[1740000249521] INFO  (ls): REQUEST RECEIVED => connection/GetConnectionsRequest
[1740000249532] INFO  (ext): Connection explorer changed. Will be updated.
    ns: "conn-man:explorer"
[1740000249532] INFO  (ext): EXECUTING COMMAND => sqltools.getConnections
[1740000249533] INFO  (ls): REQUEST RECEIVED => connection/GetConnectionsRequest
[1740000249533] INFO  (ext): EXECUTING COMMAND => sqltools.getConnections
[1740000249534] INFO  (ls): REQUEST RECEIVED => connection/GetConnectionsRequest
[1740000249537] INFO  (ext): EXECUTING COMMAND => sqltools.getChildrenForTreeItem
[1740000249537] INFO  (ls): REQUEST RECEIVED => connection/GetChildrenForTreeItemRequest
[1740000249656] INFO  (ext): EXECUTING COMMAND => sqltools.getChildrenForTreeItem
[1740000249657] INFO  (ls): REQUEST RECEIVED => connection/GetChildrenForTreeItemRequest
[1740000249718] INFO  (ext): EXECUTING COMMAND => sqltools.getChildrenForTreeItem
[1740000249719] INFO  (ls): REQUEST RECEIVED => connection/GetChildrenForTreeItemRequest
[1740000249725] INFO  (ext): EXECUTING COMMAND => sqltools.getChildrenForTreeItem
[1740000249726] INFO  (ls): REQUEST RECEIVED => connection/GetChildrenForTreeItemRequest
[1740000249728] INFO  (ext): EXECUTING COMMAND => sqltools.getChildrenForTreeItem
[1740000249729] INFO  (ls): REQUEST RECEIVED => connection/GetChildrenForTreeItemRequest
[1740000250093] INFO  (ext): EXECUTING COMMAND => sqltools.getConnections
[1740000250093] INFO  (ls): REQUEST RECEIVED => connection/GetConnectionsRequest
[1740000250104] INFO  (ls): REQUEST RECEIVED => connection/RunCommandRequest
[1740000265348] INFO  (ls): REQUEST RECEIVED => connection/ReleaseResultsRequest
[1740000344222] INFO  (ext): EXECUTING COMMAND => sqltools.executeQuery
[1740000344222] INFO  (ext): EXECUTING COMMAND => sqltools.getConnections
[1740000344223] INFO  (ls): REQUEST RECEIVED => connection/GetConnectionsRequest
[1740000344227] INFO  (ext): EXECUTING COMMAND => sqltools.getConnections
[1740000344228] INFO  (ls): REQUEST RECEIVED => connection/GetConnectionsRequest
[1740000344733] INFO  (ext): EXECUTING COMMAND => sqltools.getConnections
[1740000344734] INFO  (ls): REQUEST RECEIVED => connection/GetConnectionsRequest
[1740000344738] INFO  (ls): REQUEST RECEIVED => connection/RunCommandRequest
