2025-02-20 01:46:26.866 [info] Configuration changed
2025-02-20 01:49:31.391 [info] Configuration changed
2025-02-20 01:54:02.685 [info] /home/chris/.config/.vscode/settings.json closed
2025-02-20 01:54:02.696 [info] Configuration changed
2025-02-20 01:55:47.127 [info] Active editor: untitled:/home/chris/.config/Test.session.sql
2025-02-20 02:00:46.042 [info] Active editor: untitled:/home/chris/.config/Test.session.sql
2025-02-20 02:00:51.714 [info] /home/chris/.config/Test.session.sql closed
2025-02-20 02:01:14.227 [info] Active editor: untitled:Untitled-1
2025-02-20 02:01:31.941 [info] Executing :w
2025-02-20 02:01:53.021 [info] Active editor: output:tasks
2025-02-20 02:01:56.324 [info] tasks closed
2025-02-20 02:02:02.734 [info] Active editor: untitled:Untitled-1
2025-02-20 02:02:28.939 [info] Executing :w
2025-02-20 02:17:06.333 [info] Active editor: untitled:Untitled-1
2025-02-20 02:35:44.359 [info] Executing :w
2025-02-20 02:44:04.989 [warning] invalid cursor position. [[2, 49] | [2, 49]].
2025-02-20 02:44:04.989 [warning] invalid cursor position. [[2, 49] | [2, 49]].
2025-02-20 02:54:41.947 [info] Active editor: untitled:Untitled-1
2025-02-20 02:55:11.706 [info] Executing :%s/course id/course_id/g
2025-02-20 02:56:00.053 [error] Error executing cmd=%s/course id/course_id/g. err=Canceled: Canceled.
2025-02-20 02:56:00.145 [info] Executing :q
