2025-02-20 00:29:00.030 [info] Extension host with pid 205431 started
2025-02-20 00:29:00.030 [info] Skipping acquiring lock for /home/chris/.config/VSCodium/User/workspaceStorage/5586aa8db6ce6ab944dad9aeb4d9d8de.
2025-02-20 00:29:00.069 [info] ExtensionService#_doActivateExtension vscode.git-base, startup: true, activationEvent: '*', root cause: vscode.git
2025-02-20 00:29:00.144 [info] ExtensionService#_doActivateExtension vscode.git, startup: true, activationEvent: '*'
2025-02-20 00:29:00.257 [info] ExtensionService#_doActivateExtension vscode.github, startup: true, activationEvent: '*'
2025-02-20 00:29:00.351 [info] Eager extensions activated
2025-02-20 00:29:00.412 [info] ExtensionService#_doActivateExtension vscode.debug-auto-launch, startup: false, activationEvent: 'onStartupFinished'
2025-02-20 00:29:00.415 [info] ExtensionService#_doActivateExtension vscode.merge-conflict, startup: false, activationEvent: 'onStartupFinished'
2025-02-20 00:29:00.451 [info] ExtensionService#_doActivateExtension sainnhe.gruvbox-material, startup: false, activationEvent: 'onStartupFinished'
2025-02-20 00:29:00.463 [info] ExtensionService#_doActivateExtension vscodevim.vim, startup: false, activationEvent: 'onStartupFinished'
2025-02-20 00:29:03.192 [info] ExtensionService#_doActivateExtension vscode.emmet, startup: false, activationEvent: 'onLanguage'
2025-02-20 00:29:19.856 [warning] TextEditor is closed/disposed
2025-02-20 00:29:19.856 [warning] TextEditor is closed/disposed
2025-02-20 00:29:19.868 [warning] ExtHostTextEditorOptions 'setCursorStyle' failed:'
2025-02-20 00:29:19.868 [warning] Illegal argument: TextEditor(vs.editor.ICodeEditor:1,$model1)
2025-02-20 00:29:24.927 [info] ExtensionService#_doActivateExtension vscode.configuration-editing, startup: false, activationEvent: 'onLanguage:jsonc'
2025-02-20 00:29:24.947 [info] ExtensionService#_doActivateExtension vscode.json-language-features, startup: false, activationEvent: 'onLanguage:jsonc'
2025-02-20 00:29:25.037 [info] ExtensionService#_doActivateExtension vscode.typescript-language-features, startup: false, activationEvent: 'onLanguage:jsonc'
2025-02-20 00:31:33.830 [warning] TextEditor is closed/disposed
2025-02-20 00:31:33.831 [warning] TextEditor is closed/disposed
2025-02-20 00:31:33.857 [warning] ExtHostTextEditorOptions 'setCursorStyle' failed:'
2025-02-20 00:31:33.857 [warning] Illegal argument: TextEditor(vs.editor.ICodeEditor:1,$model2)
2025-02-20 00:31:54.886 [info] Extension host terminating: renderer closed the MessagePort
2025-02-20 00:31:54.900 [info] Extension host with pid 205431 exiting with code 0
