2025-02-20 00:17:25.052 [info] Extension host with pid 204191 started
2025-02-20 00:17:25.071 [info] ExtensionService#_doActivateExtension vscode.git-base, startup: true, activationEvent: '*', root cause: vscode.git
2025-02-20 00:17:25.083 [info] ExtensionService#_doActivateExtension vscode.git, startup: true, activationEvent: '*'
2025-02-20 00:17:25.181 [info] ExtensionService#_doActivateExtension vscode.github, startup: true, activationEvent: '*'
2025-02-20 00:17:25.256 [info] Eager extensions activated
2025-02-20 00:17:25.265 [info] ExtensionService#_doActivateExtension vscode.debug-auto-launch, startup: false, activationEvent: 'onStartupFinished'
2025-02-20 00:17:25.269 [info] ExtensionService#_doActivateExtension vscode.merge-conflict, startup: false, activationEvent: 'onStartupFinished'
2025-02-20 00:17:25.295 [info] ExtensionService#_doActivateExtension sainnhe.gruvbox-material, startup: false, activationEvent: 'onStartupFinished'
2025-02-20 00:17:25.308 [info] ExtensionService#_doActivateExtension vscodevim.vim, startup: false, activationEvent: 'onStartupFinished'
2025-02-20 00:17:28.451 [info] ExtensionService#_doActivateExtension vscode.emmet, startup: false, activationEvent: 'onLanguage'
2025-02-20 00:19:36.791 [info] Extension host terminating: renderer closed the MessagePort
2025-02-20 00:19:36.800 [info] Extension host with pid 204191 exiting with code 0
2025-02-20 00:19:38.413 [info] Extension host with pid 204400 started
2025-02-20 00:19:38.413 [info] Skipping acquiring lock for /home/chris/.config/VSCodium/User/workspaceStorage/5586aa8db6ce6ab944dad9aeb4d9d8de.
2025-02-20 00:19:38.468 [info] ExtensionService#_doActivateExtension vscode.git-base, startup: true, activationEvent: '*'
2025-02-20 00:19:38.475 [info] ExtensionService#_doActivateExtension vscode.github, startup: true, activationEvent: '*'
2025-02-20 00:19:38.522 [info] Eager extensions activated
2025-02-20 00:19:38.524 [info] ExtensionService#_doActivateExtension vscode.debug-auto-launch, startup: false, activationEvent: 'onStartupFinished'
2025-02-20 00:19:38.527 [info] ExtensionService#_doActivateExtension vscode.merge-conflict, startup: false, activationEvent: 'onStartupFinished'
2025-02-20 00:19:38.556 [info] ExtensionService#_doActivateExtension sainnhe.gruvbox-material, startup: false, activationEvent: 'onStartupFinished'
2025-02-20 00:19:38.569 [info] ExtensionService#_doActivateExtension vscodevim.vim, startup: false, activationEvent: 'onStartupFinished'
2025-02-20 00:19:43.428 [info] ExtensionService#_doActivateExtension vscode.git, startup: false, activationEvent: 'api', root cause: vscode.github
2025-02-20 00:19:59.726 [info] ExtensionService#_doActivateExtension vscode.configuration-editing, startup: false, activationEvent: 'onLanguage:jsonc'
2025-02-20 00:19:59.749 [info] ExtensionService#_doActivateExtension vscode.json-language-features, startup: false, activationEvent: 'onLanguage:jsonc'
2025-02-20 00:19:59.844 [info] ExtensionService#_doActivateExtension vscode.typescript-language-features, startup: false, activationEvent: 'onLanguage:jsonc'
2025-02-20 00:19:59.887 [info] ExtensionService#_doActivateExtension vscode.emmet, startup: false, activationEvent: 'onLanguage'
2025-02-20 00:20:04.085 [info] Extension host terminating: renderer closed the MessagePort
2025-02-20 00:20:04.101 [info] Extension host with pid 204400 exiting with code 0
