[1740030035459] INFO  (ext): SQLTools is starting
[1740030035462] INFO  (ext): initializing language client...
[1740030035463] INFO  (ext): Registering client for languages [{"scheme":"sqltools"},{"language":"sql","scheme":"untitled"},{"language":"sql","scheme":"file"},{"language":"sql","scheme":"sqltools"}]
    ns: "lc"
[1740030035470] INFO  (ext): loading plugins...
[1740030035470] INFO  (ext): registering Formatter Plugin.
    plugin: {
      "name": "Formatter Plugin"
    }
[1740030035471] INFO  (ext): registering Connection Manager Plugin.
    plugin: {
      "name": "Connection Manager Plugin"
    }
[1740030035471] INFO  (ext): registering CodeLens Plugin.
    plugin: {
      "name": "CodeLens Plugin",
      "registeredLanguages": []
    }
[1740030035473] INFO  (ext): registering Dependency Manager Plugin.
    plugin: {
      "name": "Dependency Manager Plugin",
      "installingDrivers": []
    }
[1740030035475] INFO  (ext): Connection explorer changed. Will be updated.
    ns: "conn-man:explorer"
[1740030035475] INFO  (ext): registering History Manager Plugin.
    plugin: {
      "name": "History Manager Plugin"
    }
[1740030035476] INFO  (ext): registering Bookmarks Manager Plugin.
    plugin: {
      "name": "Bookmarks Manager Plugin"
    }
[1740030035477] INFO  (ext): registering Authentication Provider Plugin.
    plugin: {
      "name": "Authentication Provider Plugin",
      "isRegistered": false
    }
[1740030035477] INFO  (ext): registering Object Drop-in Provider (plugin).
    plugin: {
      "type": "plugin",
      "name": "Object Drop-in Provider",
      "isRegistered": false
    }
[1740030035478] INFO  (ext): SQLTools activation completed. 18.568319 ms
[1740030035478] INFO  (ext): Formatter Plugin registered!
[1740030035478] INFO  (ext): CodeLens Plugin registered!
[1740030035478] INFO  (ext): Dependency Manager Plugin registered!
[1740030035478] INFO  (ext): Connection Manager Plugin registered!
[1740030035478] INFO  (ext): History Manager Plugin registered!
[1740030035478] INFO  (ext): Bookmarks Manager Plugin registered!
[1740030035478] INFO  (ext): Authentication Provider Plugin registered!
[1740030035479] INFO  (ext): Object Drop-in Provider (plugin) registered!
[1740030035685] INFO  (ls): SQLTools Server started!
===============================
Using node runtime?: no
ExecPath: /opt/vscodium-bin/codium 
===============================
[1740030035720] INFO  (ext): LanguageClient ready
    ns: "lc"
[1740030035726] INFO  (ext): registering PostgreSQL/Cockroach Plugin (driver).
    plugin: {
      "extensionId": "mtxr.sqltools-driver-pg",
      "name": "PostgreSQL/Cockroach Plugin",
      "type": "driver"
    }
[1740030035716] INFO  (ls): Initialized with node version:v20.18.1
[1740030035727] INFO  (ls): REQUEST RECEIVED => ls/RegisterPlugin
[1740030035727] INFO  (ls): request to register plugin: "/home/chris/.vscode-oss/extensions/mtxr.sqltools-driver-pg-0.5.5-universal/out/ls/plugin.js"
[1740030035813] INFO  (ls): Driver postgresql registered!
    place: "driver-map"
    ns: "ls-context"
[1740030035813] INFO  (ls): Driver aws redshift registered!
    place: "driver-map"
    ns: "ls-context"
[1740030035813] INFO  (ls): Driver cockroachdb registered!
    place: "driver-map"
    ns: "ls-context"
[1740030035818] INFO  (ext): PostgreSQL/Cockroach Plugin (driver) registered!
[1740030036818] INFO  (ext): EXECUTING COMMAND => sqltools.refreshTree
[1740030036819] INFO  (ext): Connection explorer changed. Will be updated.
    ns: "conn-man:explorer"
[1740030037476] INFO  (ext): Connection explorer changed. Will be updated.
    ns: "conn-man:explorer"
[1740030039779] INFO  (ext): EXECUTING COMMAND => sqltools.getConnections
[1740030039780] INFO  (ls): REQUEST RECEIVED => connection/GetConnectionsRequest
[1740030041342] INFO  (ext): EXECUTING COMMAND => sqltools.selectConnection
[1740030041343] INFO  (ext): EXECUTING COMMAND => sqltools.getConnections
[1740030041343] INFO  (ls): REQUEST RECEIVED => connection/GetConnectionsRequest
[1740030046388] INFO  (ext): EXECUTING COMMAND => sqltools.getConnections
[1740030046389] INFO  (ls): REQUEST RECEIVED => connection/GetConnectionsRequest
[1740030046391] INFO  (ls): REQUEST RECEIVED => connection/ConnectRequest
[1740030046394] INFO  (ls): Connection instance created for Test.
    ns: "conn-manager"
[1740030046443] INFO  (ext): Connection explorer changed. Will be updated.
    ns: "conn-man:explorer"
[1740030046466] INFO  (ext): EXECUTING COMMAND => sqltools.getConnections
[1740030046467] INFO  (ls): REQUEST RECEIVED => connection/GetConnectionsRequest
[1740030046508] INFO  (ext): Connection explorer changed. Will be updated.
    ns: "conn-man:explorer"
[1740030046820] INFO  (ext): EXECUTING COMMAND => sqltools.getConnections
[1740030046821] INFO  (ls): REQUEST RECEIVED => connection/GetConnectionsRequest
[1740030046892] INFO  (ext): EXECUTING COMMAND => sqltools.getConnections
[1740030046893] INFO  (ls): REQUEST RECEIVED => connection/GetConnectionsRequest
[1740030046914] INFO  (ext): EXECUTING COMMAND => sqltools.getConnections
[1740030046915] INFO  (ls): REQUEST RECEIVED => connection/GetConnectionsRequest
[1740030046918] INFO  (ext): Connection explorer changed. Will be updated.
    ns: "conn-man:explorer"
[1740030046920] INFO  (ext): EXECUTING COMMAND => sqltools.getConnections
[1740030046921] INFO  (ls): REQUEST RECEIVED => connection/GetConnectionsRequest
