2025-02-20 00:29:00.378 [info] [main] Log level: Info
2025-02-20 00:29:00.378 [info] [main] Validating found git in: "git"
2025-02-20 00:29:00.378 [info] [main] Using git "2.48.1" from "git"
2025-02-20 00:29:00.378 [info] [Model][doInitialScan] Initial repository scan started
2025-02-20 00:29:00.378 [info] > git rev-parse --show-toplevel [4ms]
2025-02-20 00:29:00.378 [info] fatal: not a git repository (or any parent up to mount point /)
Stopping at filesystem boundary (GIT_DISCOVERY_ACROSS_FILESYSTEM not set).
2025-02-20 00:29:00.397 [info] > git rev-parse --show-toplevel [3ms]
2025-02-20 00:29:00.397 [info] fatal: not a git repository (or any parent up to mount point /)
Stopping at filesystem boundary (GIT_DISCOVERY_ACROSS_FILESYSTEM not set).
2025-02-20 00:29:00.613 [info] > git rev-parse --show-toplevel [203ms]
2025-02-20 00:29:00.614 [info] fatal: not a git repository (or any parent up to mount point /)
Stopping at filesystem boundary (GIT_DISCOVERY_ACROSS_FILESYSTEM not set).
2025-02-20 00:29:00.661 [info] > git rev-parse --show-toplevel [4ms]
2025-02-20 00:29:00.661 [info] fatal: not a git repository (or any parent up to mount point /)
Stopping at filesystem boundary (GIT_DISCOVERY_ACROSS_FILESYSTEM not set).
2025-02-20 00:29:00.677 [info] > git rev-parse --show-toplevel [7ms]
2025-02-20 00:29:00.678 [info] fatal: not a git repository (or any parent up to mount point /)
Stopping at filesystem boundary (GIT_DISCOVERY_ACROSS_FILESYSTEM not set).
2025-02-20 00:29:00.688 [info] > git rev-parse --show-toplevel [2ms]
2025-02-20 00:29:00.688 [info] fatal: not a git repository (or any parent up to mount point /)
Stopping at filesystem boundary (GIT_DISCOVERY_ACROSS_FILESYSTEM not set).
2025-02-20 00:29:00.696 [info] > git rev-parse --show-toplevel [2ms]
2025-02-20 00:29:00.696 [info] fatal: not a git repository (or any parent up to mount point /)
Stopping at filesystem boundary (GIT_DISCOVERY_ACROSS_FILESYSTEM not set).
2025-02-20 00:29:00.705 [info] > git rev-parse --show-toplevel [2ms]
2025-02-20 00:29:00.705 [info] fatal: not a git repository (or any parent up to mount point /)
Stopping at filesystem boundary (GIT_DISCOVERY_ACROSS_FILESYSTEM not set).
2025-02-20 00:29:00.713 [info] > git rev-parse --show-toplevel [1ms]
2025-02-20 00:29:00.713 [info] fatal: not a git repository (or any parent up to mount point /)
Stopping at filesystem boundary (GIT_DISCOVERY_ACROSS_FILESYSTEM not set).
2025-02-20 00:29:00.722 [info] > git rev-parse --show-toplevel [2ms]
2025-02-20 00:29:00.722 [info] fatal: not a git repository (or any parent up to mount point /)
Stopping at filesystem boundary (GIT_DISCOVERY_ACROSS_FILESYSTEM not set).
2025-02-20 00:29:00.730 [info] > git rev-parse --show-toplevel [2ms]
2025-02-20 00:29:00.730 [info] fatal: not a git repository (or any parent up to mount point /)
Stopping at filesystem boundary (GIT_DISCOVERY_ACROSS_FILESYSTEM not set).
2025-02-20 00:29:00.738 [info] > git rev-parse --show-toplevel [2ms]
2025-02-20 00:29:00.738 [info] fatal: not a git repository (or any parent up to mount point /)
Stopping at filesystem boundary (GIT_DISCOVERY_ACROSS_FILESYSTEM not set).
2025-02-20 00:29:00.745 [info] > git rev-parse --show-toplevel [1ms]
2025-02-20 00:29:00.745 [info] fatal: not a git repository (or any parent up to mount point /)
Stopping at filesystem boundary (GIT_DISCOVERY_ACROSS_FILESYSTEM not set).
2025-02-20 00:29:00.753 [info] > git rev-parse --show-toplevel [2ms]
2025-02-20 00:29:00.753 [info] fatal: not a git repository (or any parent up to mount point /)
Stopping at filesystem boundary (GIT_DISCOVERY_ACROSS_FILESYSTEM not set).
2025-02-20 00:29:00.760 [info] > git rev-parse --show-toplevel [1ms]
2025-02-20 00:29:00.760 [info] fatal: not a git repository (or any parent up to mount point /)
Stopping at filesystem boundary (GIT_DISCOVERY_ACROSS_FILESYSTEM not set).
2025-02-20 00:29:00.768 [info] > git rev-parse --show-toplevel [2ms]
2025-02-20 00:29:00.768 [info] fatal: not a git repository (or any parent up to mount point /)
Stopping at filesystem boundary (GIT_DISCOVERY_ACROSS_FILESYSTEM not set).
2025-02-20 00:29:00.776 [info] > git rev-parse --show-toplevel [1ms]
2025-02-20 00:29:00.776 [info] fatal: not a git repository (or any parent up to mount point /)
Stopping at filesystem boundary (GIT_DISCOVERY_ACROSS_FILESYSTEM not set).
2025-02-20 00:29:00.783 [info] > git rev-parse --show-toplevel [2ms]
2025-02-20 00:29:00.783 [info] fatal: not a git repository (or any parent up to mount point /)
Stopping at filesystem boundary (GIT_DISCOVERY_ACROSS_FILESYSTEM not set).
2025-02-20 00:29:00.790 [info] > git rev-parse --show-toplevel [1ms]
2025-02-20 00:29:00.790 [info] fatal: not a git repository (or any parent up to mount point /)
Stopping at filesystem boundary (GIT_DISCOVERY_ACROSS_FILESYSTEM not set).
2025-02-20 00:29:00.798 [info] > git rev-parse --show-toplevel [3ms]
2025-02-20 00:29:00.798 [info] fatal: not a git repository (or any parent up to mount point /)
Stopping at filesystem boundary (GIT_DISCOVERY_ACROSS_FILESYSTEM not set).
2025-02-20 00:29:00.804 [info] > git rev-parse --show-toplevel [1ms]
2025-02-20 00:29:00.804 [info] fatal: not a git repository (or any parent up to mount point /)
Stopping at filesystem boundary (GIT_DISCOVERY_ACROSS_FILESYSTEM not set).
2025-02-20 00:29:00.811 [info] > git rev-parse --show-toplevel [1ms]
2025-02-20 00:29:00.811 [info] fatal: not a git repository (or any parent up to mount point /)
Stopping at filesystem boundary (GIT_DISCOVERY_ACROSS_FILESYSTEM not set).
2025-02-20 00:29:00.818 [info] > git rev-parse --show-toplevel [2ms]
2025-02-20 00:29:00.818 [info] fatal: not a git repository (or any parent up to mount point /)
Stopping at filesystem boundary (GIT_DISCOVERY_ACROSS_FILESYSTEM not set).
2025-02-20 00:29:00.825 [info] > git rev-parse --show-toplevel [1ms]
2025-02-20 00:29:00.825 [info] fatal: not a git repository (or any parent up to mount point /)
Stopping at filesystem boundary (GIT_DISCOVERY_ACROSS_FILESYSTEM not set).
2025-02-20 00:29:00.831 [info] > git rev-parse --show-toplevel [1ms]
2025-02-20 00:29:00.831 [info] fatal: not a git repository (or any parent up to mount point /)
Stopping at filesystem boundary (GIT_DISCOVERY_ACROSS_FILESYSTEM not set).
2025-02-20 00:29:00.837 [info] > git rev-parse --show-toplevel [1ms]
2025-02-20 00:29:00.838 [info] fatal: not a git repository (or any parent up to mount point /)
Stopping at filesystem boundary (GIT_DISCOVERY_ACROSS_FILESYSTEM not set).
2025-02-20 00:29:00.844 [info] > git rev-parse --show-toplevel [2ms]
2025-02-20 00:29:00.844 [info] fatal: not a git repository (or any parent up to mount point /)
Stopping at filesystem boundary (GIT_DISCOVERY_ACROSS_FILESYSTEM not set).
2025-02-20 00:29:00.850 [info] > git rev-parse --show-toplevel [2ms]
2025-02-20 00:29:00.850 [info] fatal: not a git repository (or any parent up to mount point /)
Stopping at filesystem boundary (GIT_DISCOVERY_ACROSS_FILESYSTEM not set).
2025-02-20 00:29:00.856 [info] > git rev-parse --show-toplevel [1ms]
2025-02-20 00:29:00.856 [info] fatal: not a git repository (or any parent up to mount point /)
Stopping at filesystem boundary (GIT_DISCOVERY_ACROSS_FILESYSTEM not set).
2025-02-20 00:29:00.863 [info] > git rev-parse --show-toplevel [1ms]
2025-02-20 00:29:00.863 [info] fatal: not a git repository (or any parent up to mount point /)
Stopping at filesystem boundary (GIT_DISCOVERY_ACROSS_FILESYSTEM not set).
2025-02-20 00:29:00.869 [info] > git rev-parse --show-toplevel [1ms]
2025-02-20 00:29:00.870 [info] fatal: not a git repository (or any parent up to mount point /)
Stopping at filesystem boundary (GIT_DISCOVERY_ACROSS_FILESYSTEM not set).
2025-02-20 00:29:00.876 [info] > git rev-parse --show-toplevel [2ms]
2025-02-20 00:29:00.876 [info] fatal: not a git repository (or any parent up to mount point /)
Stopping at filesystem boundary (GIT_DISCOVERY_ACROSS_FILESYSTEM not set).
2025-02-20 00:29:00.882 [info] > git rev-parse --show-toplevel [1ms]
2025-02-20 00:29:00.882 [info] fatal: not a git repository (or any parent up to mount point /)
Stopping at filesystem boundary (GIT_DISCOVERY_ACROSS_FILESYSTEM not set).
2025-02-20 00:29:00.889 [info] > git rev-parse --show-toplevel [2ms]
2025-02-20 00:29:00.889 [info] fatal: not a git repository (or any parent up to mount point /)
Stopping at filesystem boundary (GIT_DISCOVERY_ACROSS_FILESYSTEM not set).
2025-02-20 00:29:00.895 [info] > git rev-parse --show-toplevel [1ms]
2025-02-20 00:29:00.895 [info] fatal: not a git repository (or any parent up to mount point /)
Stopping at filesystem boundary (GIT_DISCOVERY_ACROSS_FILESYSTEM not set).
2025-02-20 00:29:00.902 [info] > git rev-parse --show-toplevel [1ms]
2025-02-20 00:29:00.902 [info] fatal: not a git repository (or any parent up to mount point /)
Stopping at filesystem boundary (GIT_DISCOVERY_ACROSS_FILESYSTEM not set).
2025-02-20 00:29:00.908 [info] > git rev-parse --show-toplevel [1ms]
2025-02-20 00:29:00.908 [info] fatal: not a git repository (or any parent up to mount point /)
Stopping at filesystem boundary (GIT_DISCOVERY_ACROSS_FILESYSTEM not set).
2025-02-20 00:29:00.914 [info] > git rev-parse --show-toplevel [1ms]
2025-02-20 00:29:00.914 [info] fatal: not a git repository (or any parent up to mount point /)
Stopping at filesystem boundary (GIT_DISCOVERY_ACROSS_FILESYSTEM not set).
2025-02-20 00:29:00.920 [info] > git rev-parse --show-toplevel [0ms]
2025-02-20 00:29:00.920 [info] fatal: not a git repository (or any parent up to mount point /)
Stopping at filesystem boundary (GIT_DISCOVERY_ACROSS_FILESYSTEM not set).
2025-02-20 00:29:00.921 [info] [Model][doInitialScan] Initial repository scan completed - repositories (0), closed repositories (0), parent repositories (0), unsafe repositories (0)
2025-02-20 00:29:01.886 [info] > git rev-parse --show-toplevel [5ms]
2025-02-20 00:29:01.887 [info] fatal: not a git repository (or any parent up to mount point /)
Stopping at filesystem boundary (GIT_DISCOVERY_ACROSS_FILESYSTEM not set).
2025-02-20 00:29:03.093 [info] > git rev-parse --show-toplevel [1ms]
2025-02-20 00:29:03.093 [info] fatal: not a git repository (or any parent up to mount point /)
Stopping at filesystem boundary (GIT_DISCOVERY_ACROSS_FILESYSTEM not set).
2025-02-20 00:31:33.954 [info] > git rev-parse --show-toplevel [3ms]
2025-02-20 00:31:33.954 [info] fatal: not a git repository (or any parent up to mount point /)
Stopping at filesystem boundary (GIT_DISCOVERY_ACROSS_FILESYSTEM not set).
