2025-02-20 00:21:09.917 [info] Extension host with pid 205006 started
2025-02-20 00:21:09.917 [info] Skipping acquiring lock for /home/chris/.config/VSCodium/User/workspaceStorage/5586aa8db6ce6ab944dad9aeb4d9d8de.
2025-02-20 00:21:10.004 [info] ExtensionService#_doActivateExtension vscode.git-base, startup: true, activationEvent: '*', root cause: vscode.git
2025-02-20 00:21:10.037 [info] ExtensionService#_doActivateExtension vscode.git, startup: true, activationEvent: '*'
2025-02-20 00:21:10.127 [info] ExtensionService#_doActivateExtension vscode.github, startup: true, activationEvent: '*'
2025-02-20 00:21:10.196 [info] Eager extensions activated
2025-02-20 00:21:10.222 [info] ExtensionService#_doActivateExtension vscode.debug-auto-launch, startup: false, activationEvent: 'onStartupFinished'
2025-02-20 00:21:10.226 [info] ExtensionService#_doActivateExtension vscode.merge-conflict, startup: false, activationEvent: 'onStartupFinished'
2025-02-20 00:21:10.251 [info] ExtensionService#_doActivateExtension sainnhe.gruvbox-material, startup: false, activationEvent: 'onStartupFinished'
2025-02-20 00:21:10.262 [info] ExtensionService#_doActivateExtension vscodevim.vim, startup: false, activationEvent: 'onStartupFinished'
2025-02-20 00:21:18.521 [info] ExtensionService#_doActivateExtension vscode.emmet, startup: false, activationEvent: 'onLanguage'
2025-02-20 00:21:46.614 [warning] TextEditor is closed/disposed
2025-02-20 00:21:46.614 [warning] TextEditor is closed/disposed
2025-02-20 00:21:46.627 [warning] ExtHostTextEditorOptions 'setCursorStyle' failed:'
2025-02-20 00:21:46.627 [warning] Illegal argument: TextEditor(vs.editor.ICodeEditor:1,$model2)
2025-02-20 00:21:54.596 [info] ExtensionService#_doActivateExtension vscode.configuration-editing, startup: false, activationEvent: 'onLanguage:jsonc'
2025-02-20 00:21:54.616 [info] ExtensionService#_doActivateExtension vscode.json-language-features, startup: false, activationEvent: 'onLanguage:jsonc'
2025-02-20 00:21:54.705 [info] ExtensionService#_doActivateExtension vscode.typescript-language-features, startup: false, activationEvent: 'onLanguage:jsonc'
2025-02-20 00:28:55.515 [info] Extension host terminating: renderer closed the MessagePort
2025-02-20 00:28:55.534 [info] Extension host with pid 205006 exiting with code 0
