2025-02-20 01:46:24.102 [warning] Via 'product.json#extensionEnabledApiProposals' extension 'ms-vscode.vscode-selfhost-test-provider' wants API proposal 'attributableCoverage' but that proposal DOES NOT EXIST. Likely, the proposal has been finalized (check 'vscode.d.ts') or was abandoned.
2025-02-20 01:46:24.103 [warning] Via 'product.json#extensionEnabledApiProposals' extension 'ms-python.python' wants API proposal 'contribIssueReporter' but that proposal DOES NOT EXIST. Likely, the proposal has been finalized (check 'vscode.d.ts') or was abandoned.
2025-02-20 01:46:24.103 [warning] Via 'product.json#extensionEnabledApiProposals' extension 'ms-python.debugpy' wants API proposal 'contribIssueReporter' but that proposal DOES NOT EXIST. Likely, the proposal has been finalized (check 'vscode.d.ts') or was abandoned.
2025-02-20 01:46:24.103 [warning] Via 'product.json#extensionEnabledApiProposals' extension 'redhat.java' wants API proposal 'documentPaste' but that proposal DOES NOT EXIST. Likely, the proposal has been finalized (check 'vscode.d.ts') or was abandoned.
2025-02-20 01:46:24.453 [info] Started local extension host with pid 209975.
2025-02-20 01:46:27.195 [info] [perf] Render performance baseline is 31ms
2025-02-20 01:47:05.041 [error] lock() request could not be registered.: Error: lock() request could not be registered.
2025-02-20 01:55:54.653 [error] lock() request could not be registered.: Error: lock() request could not be registered.
2025-02-20 01:55:58.643 [error] lock() request could not be registered.: Error: lock() request could not be registered.
2025-02-20 01:59:52.994 [error] lock() request could not be registered.: Error: lock() request could not be registered.
2025-02-20 02:01:56.352 [error] TreeError [DebugRepl] Tree input not set: Error: TreeError [DebugRepl] Tree input not set
    at Cg._updateChildren (vscode-file://vscode-app/opt/vscodium-bin/resources/app/out/vs/workbench/workbench.desktop.main.js:412:33379)
    at Cg.updateChildren (vscode-file://vscode-app/opt/vscodium-bin/resources/app/out/vs/workbench/workbench.desktop.main.js:412:33252)
    at vte.value (vscode-file://vscode-app/opt/vscodium-bin/resources/app/out/vs/workbench/workbench.desktop.main.js:2036:40280)
    at E._deliver (vscode-file://vscode-app/opt/vscodium-bin/resources/app/out/vs/workbench/workbench.desktop.main.js:29:2956)
    at E._deliverQueue (vscode-file://vscode-app/opt/vscodium-bin/resources/app/out/vs/workbench/workbench.desktop.main.js:29:3047)
    at E.fire (vscode-file://vscode-app/opt/vscodium-bin/resources/app/out/vs/workbench/workbench.desktop.main.js:29:3384)
    at dSe.setVisible (vscode-file://vscode-app/opt/vscodium-bin/resources/app/out/vs/workbench/workbench.desktop.main.js:521:3802)
    at vscode-file://vscode-app/opt/vscodium-bin/resources/app/out/vs/workbench/workbench.desktop.main.js:749:15311
    at Array.map (<anonymous>)
    at Zd.setVisible (vscode-file://vscode-app/opt/vscodium-bin/resources/app/out/vs/workbench/workbench.desktop.main.js:749:15302)
