2025-02-20 00:21:54.927 [info] read schema from vscode: vscode://schemas/settings/user
2025-02-20 00:21:54.930 [info] cancelled
2025-02-20 00:21:55.037 [info] read schema from vscode: vscode://schemas/settings/resourceLanguage
2025-02-20 00:21:55.049 [info] read schema from vscode: vscode://schemas/launch
2025-02-20 00:21:55.052 [info] read schema from vscode: vscode://schemas/token-styling
2025-02-20 00:21:55.053 [info] read schema from vscode: vscode://schemas/textmate-colors
2025-02-20 00:21:55.053 [info] read schema from vscode: vscode://schemas/workbench-colors
2025-02-20 00:21:55.974 [info] schema change detected vscode://schemas/settings/user
2025-02-20 00:21:55.978 [info] read schema from vscode: vscode://schemas/settings/user
2025-02-20 00:21:59.872 [info] schema change detected vscode://schemas/launch
2025-02-20 00:21:59.874 [info] read schema from vscode: vscode://schemas/settings/user
2025-02-20 00:21:59.962 [info] read schema from vscode: vscode://schemas/launch
2025-02-20 00:22:04.012 [info] schema change detected vscode://schemas/settings/user
2025-02-20 00:22:04.015 [info] read schema from vscode: vscode://schemas/settings/user
2025-02-20 00:22:08.105 [info] schema change detected vscode://schemas/settings/user
2025-02-20 00:22:08.107 [info] read schema from vscode: vscode://schemas/settings/user
2025-02-20 00:22:23.102 [info] schema change detected vscode://schemas/settings/user
2025-02-20 00:22:23.104 [info] read schema from vscode: vscode://schemas/settings/user
2025-02-20 00:22:37.542 [info] schema change detected vscode://schemas/settings/user
2025-02-20 00:22:37.544 [info] read schema from vscode: vscode://schemas/settings/user
2025-02-20 00:28:35.829 [info] schema change detected vscode://schemas/settings/user
