2025-02-20 00:21:10.399 [info] [main] Log level: Info
2025-02-20 00:21:10.399 [info] [main] Validating found git in: "git"
2025-02-20 00:21:10.399 [info] [main] Using git "2.48.1" from "git"
2025-02-20 00:21:10.399 [info] [Model][doInitialScan] Initial repository scan started
2025-02-20 00:21:10.399 [info] > git rev-parse --show-toplevel [9ms]
2025-02-20 00:21:10.399 [info] fatal: not a git repository (or any parent up to mount point /)
Stopping at filesystem boundary (GIT_DISCOVERY_ACROSS_FILESYSTEM not set).
2025-02-20 00:21:10.422 [info] > git rev-parse --show-toplevel [2ms]
2025-02-20 00:21:10.422 [info] fatal: not a git repository (or any parent up to mount point /)
Stopping at filesystem boundary (GIT_DISCOVERY_ACROSS_FILESYSTEM not set).
2025-02-20 00:21:10.430 [info] > git rev-parse --show-toplevel [2ms]
2025-02-20 00:21:10.430 [info] fatal: not a git repository (or any parent up to mount point /)
Stopping at filesystem boundary (GIT_DISCOVERY_ACROSS_FILESYSTEM not set).
2025-02-20 00:21:10.437 [info] > git rev-parse --show-toplevel [2ms]
2025-02-20 00:21:10.437 [info] fatal: not a git repository (or any parent up to mount point /)
Stopping at filesystem boundary (GIT_DISCOVERY_ACROSS_FILESYSTEM not set).
2025-02-20 00:21:10.445 [info] > git rev-parse --show-toplevel [2ms]
2025-02-20 00:21:10.445 [info] fatal: not a git repository (or any parent up to mount point /)
Stopping at filesystem boundary (GIT_DISCOVERY_ACROSS_FILESYSTEM not set).
2025-02-20 00:21:10.452 [info] > git rev-parse --show-toplevel [2ms]
2025-02-20 00:21:10.452 [info] fatal: not a git repository (or any parent up to mount point /)
Stopping at filesystem boundary (GIT_DISCOVERY_ACROSS_FILESYSTEM not set).
2025-02-20 00:21:10.458 [info] > git rev-parse --show-toplevel [1ms]
2025-02-20 00:21:10.458 [info] fatal: not a git repository (or any parent up to mount point /)
Stopping at filesystem boundary (GIT_DISCOVERY_ACROSS_FILESYSTEM not set).
2025-02-20 00:21:10.464 [info] > git rev-parse --show-toplevel [1ms]
2025-02-20 00:21:10.464 [info] fatal: not a git repository (or any parent up to mount point /)
Stopping at filesystem boundary (GIT_DISCOVERY_ACROSS_FILESYSTEM not set).
2025-02-20 00:21:10.472 [info] > git rev-parse --show-toplevel [1ms]
2025-02-20 00:21:10.472 [info] fatal: not a git repository (or any parent up to mount point /)
Stopping at filesystem boundary (GIT_DISCOVERY_ACROSS_FILESYSTEM not set).
2025-02-20 00:21:10.480 [info] > git rev-parse --show-toplevel [2ms]
2025-02-20 00:21:10.480 [info] fatal: not a git repository (or any parent up to mount point /)
Stopping at filesystem boundary (GIT_DISCOVERY_ACROSS_FILESYSTEM not set).
2025-02-20 00:21:10.487 [info] > git rev-parse --show-toplevel [1ms]
2025-02-20 00:21:10.487 [info] fatal: not a git repository (or any parent up to mount point /)
Stopping at filesystem boundary (GIT_DISCOVERY_ACROSS_FILESYSTEM not set).
2025-02-20 00:21:10.494 [info] > git rev-parse --show-toplevel [2ms]
2025-02-20 00:21:10.494 [info] fatal: not a git repository (or any parent up to mount point /)
Stopping at filesystem boundary (GIT_DISCOVERY_ACROSS_FILESYSTEM not set).
2025-02-20 00:21:10.501 [info] > git rev-parse --show-toplevel [1ms]
2025-02-20 00:21:10.501 [info] fatal: not a git repository (or any parent up to mount point /)
Stopping at filesystem boundary (GIT_DISCOVERY_ACROSS_FILESYSTEM not set).
2025-02-20 00:21:10.509 [info] > git rev-parse --show-toplevel [2ms]
2025-02-20 00:21:10.509 [info] fatal: not a git repository (or any parent up to mount point /)
Stopping at filesystem boundary (GIT_DISCOVERY_ACROSS_FILESYSTEM not set).
2025-02-20 00:21:10.516 [info] > git rev-parse --show-toplevel [2ms]
2025-02-20 00:21:10.516 [info] fatal: not a git repository (or any parent up to mount point /)
Stopping at filesystem boundary (GIT_DISCOVERY_ACROSS_FILESYSTEM not set).
2025-02-20 00:21:10.523 [info] > git rev-parse --show-toplevel [1ms]
2025-02-20 00:21:10.523 [info] fatal: not a git repository (or any parent up to mount point /)
Stopping at filesystem boundary (GIT_DISCOVERY_ACROSS_FILESYSTEM not set).
2025-02-20 00:21:10.529 [info] > git rev-parse --show-toplevel [1ms]
2025-02-20 00:21:10.529 [info] fatal: not a git repository (or any parent up to mount point /)
Stopping at filesystem boundary (GIT_DISCOVERY_ACROSS_FILESYSTEM not set).
2025-02-20 00:21:10.535 [info] > git rev-parse --show-toplevel [1ms]
2025-02-20 00:21:10.535 [info] fatal: not a git repository (or any parent up to mount point /)
Stopping at filesystem boundary (GIT_DISCOVERY_ACROSS_FILESYSTEM not set).
2025-02-20 00:21:10.542 [info] > git rev-parse --show-toplevel [2ms]
2025-02-20 00:21:10.542 [info] fatal: not a git repository (or any parent up to mount point /)
Stopping at filesystem boundary (GIT_DISCOVERY_ACROSS_FILESYSTEM not set).
2025-02-20 00:21:10.548 [info] > git rev-parse --show-toplevel [2ms]
2025-02-20 00:21:10.548 [info] fatal: not a git repository (or any parent up to mount point /)
Stopping at filesystem boundary (GIT_DISCOVERY_ACROSS_FILESYSTEM not set).
2025-02-20 00:21:10.554 [info] > git rev-parse --show-toplevel [1ms]
2025-02-20 00:21:10.554 [info] fatal: not a git repository (or any parent up to mount point /)
Stopping at filesystem boundary (GIT_DISCOVERY_ACROSS_FILESYSTEM not set).
2025-02-20 00:21:10.560 [info] > git rev-parse --show-toplevel [1ms]
2025-02-20 00:21:10.560 [info] fatal: not a git repository (or any parent up to mount point /)
Stopping at filesystem boundary (GIT_DISCOVERY_ACROSS_FILESYSTEM not set).
2025-02-20 00:21:10.566 [info] > git rev-parse --show-toplevel [1ms]
2025-02-20 00:21:10.566 [info] fatal: not a git repository (or any parent up to mount point /)
Stopping at filesystem boundary (GIT_DISCOVERY_ACROSS_FILESYSTEM not set).
2025-02-20 00:21:10.573 [info] > git rev-parse --show-toplevel [2ms]
2025-02-20 00:21:10.573 [info] fatal: not a git repository (or any parent up to mount point /)
Stopping at filesystem boundary (GIT_DISCOVERY_ACROSS_FILESYSTEM not set).
2025-02-20 00:21:10.578 [info] > git rev-parse --show-toplevel [1ms]
2025-02-20 00:21:10.578 [info] fatal: not a git repository (or any parent up to mount point /)
Stopping at filesystem boundary (GIT_DISCOVERY_ACROSS_FILESYSTEM not set).
2025-02-20 00:21:10.584 [info] > git rev-parse --show-toplevel [1ms]
2025-02-20 00:21:10.584 [info] fatal: not a git repository (or any parent up to mount point /)
Stopping at filesystem boundary (GIT_DISCOVERY_ACROSS_FILESYSTEM not set).
2025-02-20 00:21:10.590 [info] > git rev-parse --show-toplevel [1ms]
2025-02-20 00:21:10.590 [info] fatal: not a git repository (or any parent up to mount point /)
Stopping at filesystem boundary (GIT_DISCOVERY_ACROSS_FILESYSTEM not set).
2025-02-20 00:21:10.597 [info] > git rev-parse --show-toplevel [2ms]
2025-02-20 00:21:10.597 [info] fatal: not a git repository (or any parent up to mount point /)
Stopping at filesystem boundary (GIT_DISCOVERY_ACROSS_FILESYSTEM not set).
2025-02-20 00:21:10.603 [info] > git rev-parse --show-toplevel [1ms]
2025-02-20 00:21:10.603 [info] fatal: not a git repository (or any parent up to mount point /)
Stopping at filesystem boundary (GIT_DISCOVERY_ACROSS_FILESYSTEM not set).
2025-02-20 00:21:10.609 [info] > git rev-parse --show-toplevel [1ms]
2025-02-20 00:21:10.609 [info] fatal: not a git repository (or any parent up to mount point /)
Stopping at filesystem boundary (GIT_DISCOVERY_ACROSS_FILESYSTEM not set).
2025-02-20 00:21:10.615 [info] > git rev-parse --show-toplevel [1ms]
2025-02-20 00:21:10.615 [info] fatal: not a git repository (or any parent up to mount point /)
Stopping at filesystem boundary (GIT_DISCOVERY_ACROSS_FILESYSTEM not set).
2025-02-20 00:21:10.621 [info] > git rev-parse --show-toplevel [1ms]
2025-02-20 00:21:10.621 [info] fatal: not a git repository (or any parent up to mount point /)
Stopping at filesystem boundary (GIT_DISCOVERY_ACROSS_FILESYSTEM not set).
2025-02-20 00:21:10.627 [info] > git rev-parse --show-toplevel [1ms]
2025-02-20 00:21:10.627 [info] fatal: not a git repository (or any parent up to mount point /)
Stopping at filesystem boundary (GIT_DISCOVERY_ACROSS_FILESYSTEM not set).
2025-02-20 00:21:10.633 [info] > git rev-parse --show-toplevel [2ms]
2025-02-20 00:21:10.633 [info] fatal: not a git repository (or any parent up to mount point /)
Stopping at filesystem boundary (GIT_DISCOVERY_ACROSS_FILESYSTEM not set).
2025-02-20 00:21:10.639 [info] > git rev-parse --show-toplevel [1ms]
2025-02-20 00:21:10.639 [info] fatal: not a git repository (or any parent up to mount point /)
Stopping at filesystem boundary (GIT_DISCOVERY_ACROSS_FILESYSTEM not set).
2025-02-20 00:21:10.645 [info] > git rev-parse --show-toplevel [1ms]
2025-02-20 00:21:10.645 [info] fatal: not a git repository (or any parent up to mount point /)
Stopping at filesystem boundary (GIT_DISCOVERY_ACROSS_FILESYSTEM not set).
2025-02-20 00:21:10.651 [info] > git rev-parse --show-toplevel [1ms]
2025-02-20 00:21:10.651 [info] fatal: not a git repository (or any parent up to mount point /)
Stopping at filesystem boundary (GIT_DISCOVERY_ACROSS_FILESYSTEM not set).
2025-02-20 00:21:10.657 [info] > git rev-parse --show-toplevel [1ms]
2025-02-20 00:21:10.657 [info] fatal: not a git repository (or any parent up to mount point /)
Stopping at filesystem boundary (GIT_DISCOVERY_ACROSS_FILESYSTEM not set).
2025-02-20 00:21:10.657 [info] [Model][doInitialScan] Initial repository scan completed - repositories (0), closed repositories (0), parent repositories (0), unsafe repositories (0)
2025-02-20 00:21:11.539 [info] > git rev-parse --show-toplevel [1ms]
2025-02-20 00:21:11.539 [info] fatal: not a git repository (or any parent up to mount point /)
Stopping at filesystem boundary (GIT_DISCOVERY_ACROSS_FILESYSTEM not set).
2025-02-20 00:21:18.409 [info] > git rev-parse --show-toplevel [2ms]
2025-02-20 00:21:18.409 [info] fatal: not a git repository (or any parent up to mount point /)
Stopping at filesystem boundary (GIT_DISCOVERY_ACROSS_FILESYSTEM not set).
2025-02-20 00:21:27.344 [info] > git rev-parse --show-toplevel [2ms]
2025-02-20 00:21:27.344 [info] fatal: not a git repository (or any parent up to mount point /)
Stopping at filesystem boundary (GIT_DISCOVERY_ACROSS_FILESYSTEM not set).
2025-02-20 00:28:12.893 [info] > git rev-parse --show-toplevel [2ms]
2025-02-20 00:28:12.893 [info] fatal: not a git repository (or any parent up to mount point /)
Stopping at filesystem boundary (GIT_DISCOVERY_ACROSS_FILESYSTEM not set).
2025-02-20 00:28:45.297 [info] > git rev-parse --show-toplevel [3ms]
2025-02-20 00:28:45.297 [info] fatal: not a git repository (or any parent up to mount point /)
Stopping at filesystem boundary (GIT_DISCOVERY_ACROSS_FILESYSTEM not set).
